2022-08-17 10:08:51,818 INFO    StreamThr :393732 [internal.py:wandb_internal():90] W&B internal server running at pid: 393732, started at: 2022-08-17 10:08:51.818287
2022-08-17 10:08:51,823 DEBUG   HandlerThread:393732 [handler.py:handle_request():141] handle_request: status
2022-08-17 10:08:51,823 DEBUG   SenderThread:393732 [sender.py:send_request():316] send_request: status
2022-08-17 10:08:51,830 INFO    WriterThread:393732 [datastore.py:open_for_write():75] open: ./wandb/run-20220817_100851-37dq62ys/run-37dq62ys.wandb
2022-08-17 10:08:51,831 DEBUG   SenderThread:393732 [sender.py:send():302] send: header
2022-08-17 10:08:51,982 DEBUG   SenderThread:393732 [sender.py:send():302] send: run
2022-08-17 10:08:51,984 INFO    SenderThread:393732 [sender.py:_maybe_setup_resume():578] checking resume status for None/prostate/37dq62ys
2022-08-17 10:09:22,341 DEBUG   HandlerThread:393732 [handler.py:handle_request():141] handle_request: poll_exit
2022-08-17 10:09:26,079 ERROR   SenderThread:393732 [retry.py:__call__():154] Retry attempt failed:
Traceback (most recent call last):
  File "/usr/lib/python3/dist-packages/urllib3/connectionpool.py", line 421, in _make_request
    six.raise_from(e, None)
  File "<string>", line 3, in raise_from
  File "/usr/lib/python3/dist-packages/urllib3/connectionpool.py", line 416, in _make_request
    httplib_response = conn.getresponse()
  File "/usr/lib/python3.8/http/client.py", line 1348, in getresponse
    response.begin()
  File "/usr/lib/python3.8/http/client.py", line 316, in begin
    version, status, reason = self._read_status()
  File "/usr/lib/python3.8/http/client.py", line 277, in _read_status
    line = str(self.fp.readline(_MAXLINE + 1), "iso-8859-1")
  File "/usr/lib/python3.8/socket.py", line 669, in readinto
    return self._sock.recv_into(b)
  File "/usr/lib/python3.8/ssl.py", line 1241, in recv_into
    return self.read(nbytes, buffer)
  File "/usr/lib/python3.8/ssl.py", line 1099, in read
    return self._sslobj.read(len, buffer)
socket.timeout: The read operation timed out

During handling of the above exception, another exception occurred:

Traceback (most recent call last):
  File "/usr/local/lib/python3.8/dist-packages/requests/adapters.py", line 489, in send
    resp = conn.urlopen(
  File "/usr/lib/python3/dist-packages/urllib3/connectionpool.py", line 719, in urlopen
    retries = retries.increment(
  File "/usr/lib/python3/dist-packages/urllib3/util/retry.py", line 400, in increment
    raise six.reraise(type(error), error, _stacktrace)
  File "/usr/lib/python3/dist-packages/six.py", line 703, in reraise
    raise value
  File "/usr/lib/python3/dist-packages/urllib3/connectionpool.py", line 665, in urlopen
    httplib_response = self._make_request(
  File "/usr/lib/python3/dist-packages/urllib3/connectionpool.py", line 423, in _make_request
    self._raise_timeout(err=e, url=url, timeout_value=read_timeout)
  File "/usr/lib/python3/dist-packages/urllib3/connectionpool.py", line 330, in _raise_timeout
    raise ReadTimeoutError(
urllib3.exceptions.ReadTimeoutError: HTTPSConnectionPool(host='api.wandb.ai', port=443): Read timed out. (read timeout=10)

During handling of the above exception, another exception occurred:

Traceback (most recent call last):
  File "/usr/local/lib/python3.8/dist-packages/wandb/sdk/lib/retry.py", line 113, in __call__
    result = self._call_fn(*args, **kwargs)
  File "/usr/local/lib/python3.8/dist-packages/wandb/sdk/internal/internal_api.py", line 204, in execute
    return self.client.execute(*args, **kwargs)  # type: ignore
  File "/usr/local/lib/python3.8/dist-packages/wandb/vendor/gql-0.2.0/wandb_gql/client.py", line 52, in execute
    result = self._get_result(document, *args, **kwargs)
  File "/usr/local/lib/python3.8/dist-packages/wandb/vendor/gql-0.2.0/wandb_gql/client.py", line 60, in _get_result
    return self.transport.execute(document, *args, **kwargs)
  File "/usr/local/lib/python3.8/dist-packages/wandb/vendor/gql-0.2.0/wandb_gql/transport/requests.py", line 38, in execute
    request = requests.post(self.url, **post_args)
  File "/usr/local/lib/python3.8/dist-packages/requests/api.py", line 115, in post
    return request("post", url, data=data, json=json, **kwargs)
  File "/usr/local/lib/python3.8/dist-packages/requests/api.py", line 59, in request
    return session.request(method=method, url=url, **kwargs)
  File "/usr/local/lib/python3.8/dist-packages/requests/sessions.py", line 587, in request
    resp = self.send(prep, **send_kwargs)
  File "/usr/local/lib/python3.8/dist-packages/requests/sessions.py", line 701, in send
    r = adapter.send(request, **kwargs)
  File "/usr/local/lib/python3.8/dist-packages/requests/adapters.py", line 578, in send
    raise ReadTimeout(e, request=request)
requests.exceptions.ReadTimeout: HTTPSConnectionPool(host='api.wandb.ai', port=443): Read timed out. (read timeout=10)
2022-08-17 10:09:27,441 DEBUG   HandlerThread:393732 [handler.py:handle_request():141] handle_request: poll_exit
2022-08-17 10:09:32,542 DEBUG   HandlerThread:393732 [handler.py:handle_request():141] handle_request: poll_exit
2022-08-17 10:09:37,643 DEBUG   HandlerThread:393732 [handler.py:handle_request():141] handle_request: poll_exit
2022-08-17 10:09:42,744 DEBUG   HandlerThread:393732 [handler.py:handle_request():141] handle_request: poll_exit
2022-08-17 10:09:47,846 DEBUG   HandlerThread:393732 [handler.py:handle_request():141] handle_request: poll_exit
2022-08-17 10:09:52,946 DEBUG   HandlerThread:393732 [handler.py:handle_request():141] handle_request: poll_exit
2022-08-17 10:09:58,046 DEBUG   HandlerThread:393732 [handler.py:handle_request():141] handle_request: poll_exit
2022-08-17 10:10:03,147 DEBUG   HandlerThread:393732 [handler.py:handle_request():141] handle_request: poll_exit
2022-08-17 10:10:08,248 DEBUG   HandlerThread:393732 [handler.py:handle_request():141] handle_request: poll_exit
2022-08-17 10:10:13,349 DEBUG   HandlerThread:393732 [handler.py:handle_request():141] handle_request: poll_exit
2022-08-17 10:10:18,449 DEBUG   HandlerThread:393732 [handler.py:handle_request():141] handle_request: poll_exit
2022-08-17 10:10:23,551 DEBUG   HandlerThread:393732 [handler.py:handle_request():141] handle_request: poll_exit
2022-08-17 10:10:24,029 INFO    SenderThread:393732 [dir_watcher.py:__init__():216] watching files in: ./wandb/run-20220817_100851-37dq62ys/files
2022-08-17 10:10:24,029 INFO    SenderThread:393732 [sender.py:_start_run_threads():913] run started: 37dq62ys with start time 1660723731.804957
2022-08-17 10:10:24,029 DEBUG   SenderThread:393732 [sender.py:send():302] send: exit
2022-08-17 10:10:24,029 INFO    SenderThread:393732 [sender.py:send_exit():438] handling exit code: 1
2022-08-17 10:10:24,029 INFO    SenderThread:393732 [sender.py:send_exit():440] handling runtime: 0
2022-08-17 10:10:24,030 INFO    SenderThread:393732 [sender.py:_save_file():1156] saving file wandb-summary.json with policy end
2022-08-17 10:10:24,030 INFO    SenderThread:393732 [sender.py:send_exit():446] send defer
2022-08-17 10:10:24,030 DEBUG   SenderThread:393732 [sender.py:send_request():316] send_request: poll_exit
2022-08-17 10:10:24,030 DEBUG   SenderThread:393732 [sender.py:send_request():316] send_request: poll_exit
2022-08-17 10:10:24,030 DEBUG   SenderThread:393732 [sender.py:send_request():316] send_request: poll_exit
2022-08-17 10:10:24,030 DEBUG   SenderThread:393732 [sender.py:send_request():316] send_request: poll_exit
2022-08-17 10:10:24,031 DEBUG   SenderThread:393732 [sender.py:send_request():316] send_request: poll_exit
2022-08-17 10:10:24,031 DEBUG   SenderThread:393732 [sender.py:send_request():316] send_request: poll_exit
2022-08-17 10:10:24,031 DEBUG   SenderThread:393732 [sender.py:send_request():316] send_request: poll_exit
2022-08-17 10:10:24,031 DEBUG   SenderThread:393732 [sender.py:send_request():316] send_request: poll_exit
2022-08-17 10:10:24,031 DEBUG   SenderThread:393732 [sender.py:send_request():316] send_request: poll_exit
2022-08-17 10:10:24,031 DEBUG   SenderThread:393732 [sender.py:send_request():316] send_request: poll_exit
2022-08-17 10:10:24,031 DEBUG   SenderThread:393732 [sender.py:send_request():316] send_request: poll_exit
2022-08-17 10:10:24,031 DEBUG   SenderThread:393732 [sender.py:send_request():316] send_request: poll_exit
2022-08-17 10:10:24,031 DEBUG   SenderThread:393732 [sender.py:send_request():316] send_request: poll_exit
2022-08-17 10:10:24,031 DEBUG   HandlerThread:393732 [handler.py:handle_request():141] handle_request: defer
2022-08-17 10:10:24,033 INFO    HandlerThread:393732 [handler.py:handle_request_defer():164] handle defer: 0
2022-08-17 10:10:24,034 DEBUG   SenderThread:393732 [sender.py:send_request():316] send_request: defer
2022-08-17 10:10:24,034 INFO    SenderThread:393732 [sender.py:send_request_defer():455] handle sender defer: 0
2022-08-17 10:10:24,034 INFO    SenderThread:393732 [sender.py:transition_state():459] send defer: 1
2022-08-17 10:10:24,035 DEBUG   HandlerThread:393732 [handler.py:handle_request():141] handle_request: defer
2022-08-17 10:10:24,035 INFO    HandlerThread:393732 [handler.py:handle_request_defer():164] handle defer: 1
2022-08-17 10:10:24,035 DEBUG   SenderThread:393732 [sender.py:send_request():316] send_request: defer
2022-08-17 10:10:24,035 INFO    SenderThread:393732 [sender.py:send_request_defer():455] handle sender defer: 1
2022-08-17 10:10:24,035 INFO    SenderThread:393732 [sender.py:transition_state():459] send defer: 2
2022-08-17 10:10:24,036 DEBUG   HandlerThread:393732 [handler.py:handle_request():141] handle_request: defer
2022-08-17 10:10:24,036 INFO    HandlerThread:393732 [handler.py:handle_request_defer():164] handle defer: 2
2022-08-17 10:10:24,036 DEBUG   SenderThread:393732 [sender.py:send_request():316] send_request: defer
2022-08-17 10:10:24,036 INFO    SenderThread:393732 [sender.py:send_request_defer():455] handle sender defer: 2
2022-08-17 10:10:24,036 INFO    SenderThread:393732 [sender.py:transition_state():459] send defer: 3
2022-08-17 10:10:24,036 DEBUG   HandlerThread:393732 [handler.py:handle_request():141] handle_request: defer
2022-08-17 10:10:24,036 INFO    HandlerThread:393732 [handler.py:handle_request_defer():164] handle defer: 3
2022-08-17 10:10:24,036 DEBUG   SenderThread:393732 [sender.py:send_request():316] send_request: defer
2022-08-17 10:10:24,037 INFO    SenderThread:393732 [sender.py:send_request_defer():455] handle sender defer: 3
2022-08-17 10:10:24,037 INFO    SenderThread:393732 [sender.py:transition_state():459] send defer: 4
2022-08-17 10:10:24,037 DEBUG   HandlerThread:393732 [handler.py:handle_request():141] handle_request: defer
2022-08-17 10:10:24,037 INFO    HandlerThread:393732 [handler.py:handle_request_defer():164] handle defer: 4
2022-08-17 10:10:24,037 DEBUG   SenderThread:393732 [sender.py:send():302] send: summary
2022-08-17 10:10:24,038 INFO    SenderThread:393732 [sender.py:_save_file():1156] saving file wandb-summary.json with policy end
2022-08-17 10:10:24,038 DEBUG   SenderThread:393732 [sender.py:send_request():316] send_request: defer
2022-08-17 10:10:24,038 INFO    SenderThread:393732 [sender.py:send_request_defer():455] handle sender defer: 4
2022-08-17 10:10:24,038 INFO    SenderThread:393732 [sender.py:transition_state():459] send defer: 5
2022-08-17 10:10:24,038 DEBUG   HandlerThread:393732 [handler.py:handle_request():141] handle_request: defer
2022-08-17 10:10:24,038 INFO    HandlerThread:393732 [handler.py:handle_request_defer():164] handle defer: 5
2022-08-17 10:10:24,039 DEBUG   SenderThread:393732 [sender.py:send_request():316] send_request: defer
2022-08-17 10:10:24,039 INFO    SenderThread:393732 [sender.py:send_request_defer():455] handle sender defer: 5
2022-08-17 10:10:24,039 INFO    SenderThread:393732 [sender.py:transition_state():459] send defer: 6
2022-08-17 10:10:24,039 DEBUG   HandlerThread:393732 [handler.py:handle_request():141] handle_request: defer
2022-08-17 10:10:24,039 INFO    HandlerThread:393732 [handler.py:handle_request_defer():164] handle defer: 6
2022-08-17 10:10:24,039 DEBUG   SenderThread:393732 [sender.py:send_request():316] send_request: defer
2022-08-17 10:10:24,039 INFO    SenderThread:393732 [sender.py:send_request_defer():455] handle sender defer: 6
2022-08-17 10:10:24,039 INFO    SenderThread:393732 [sender.py:transition_state():459] send defer: 7
2022-08-17 10:10:24,040 DEBUG   HandlerThread:393732 [handler.py:handle_request():141] handle_request: defer
2022-08-17 10:10:24,040 INFO    HandlerThread:393732 [handler.py:handle_request_defer():164] handle defer: 7
2022-08-17 10:10:24,040 DEBUG   SenderThread:393732 [sender.py:send_request():316] send_request: defer
2022-08-17 10:10:24,040 INFO    SenderThread:393732 [sender.py:send_request_defer():455] handle sender defer: 7
2022-08-17 10:10:24,040 INFO    SenderThread:393732 [dir_watcher.py:finish():362] shutting down directory watcher
2022-08-17 10:10:24,136 DEBUG   HandlerThread:393732 [handler.py:handle_request():141] handle_request: poll_exit
2022-08-17 10:10:25,030 INFO    Thread-12 :393732 [dir_watcher.py:_on_file_created():275] file/dir created: ./wandb/run-20220817_100851-37dq62ys/files/wandb-summary.json
2022-08-17 10:10:25,031 INFO    SenderThread:393732 [dir_watcher.py:finish():392] scan: ./wandb/run-20220817_100851-37dq62ys/files
2022-08-17 10:10:25,031 INFO    SenderThread:393732 [dir_watcher.py:finish():406] scan save: ./wandb/run-20220817_100851-37dq62ys/files/config.yaml config.yaml
2022-08-17 10:10:25,031 INFO    SenderThread:393732 [dir_watcher.py:finish():406] scan save: ./wandb/run-20220817_100851-37dq62ys/files/wandb-summary.json wandb-summary.json
2022-08-17 10:10:25,035 INFO    SenderThread:393732 [sender.py:transition_state():459] send defer: 8
2022-08-17 10:10:25,035 DEBUG   SenderThread:393732 [sender.py:send_request():316] send_request: poll_exit
2022-08-17 10:10:25,036 DEBUG   HandlerThread:393732 [handler.py:handle_request():141] handle_request: defer
2022-08-17 10:10:25,036 INFO    HandlerThread:393732 [handler.py:handle_request_defer():164] handle defer: 8
2022-08-17 10:10:25,046 DEBUG   SenderThread:393732 [sender.py:send_request():316] send_request: defer
2022-08-17 10:10:25,046 INFO    SenderThread:393732 [sender.py:send_request_defer():455] handle sender defer: 8
2022-08-17 10:10:25,047 INFO    SenderThread:393732 [file_pusher.py:finish():171] shutting down file pusher
2022-08-17 10:10:25,143 DEBUG   HandlerThread:393732 [handler.py:handle_request():141] handle_request: poll_exit
2022-08-17 10:10:25,143 DEBUG   SenderThread:393732 [sender.py:send_request():316] send_request: poll_exit
2022-08-17 10:10:25,244 DEBUG   HandlerThread:393732 [handler.py:handle_request():141] handle_request: poll_exit
2022-08-17 10:10:25,245 DEBUG   SenderThread:393732 [sender.py:send_request():316] send_request: poll_exit
2022-08-17 10:10:25,346 DEBUG   HandlerThread:393732 [handler.py:handle_request():141] handle_request: poll_exit
2022-08-17 10:10:25,346 DEBUG   SenderThread:393732 [sender.py:send_request():316] send_request: poll_exit
2022-08-17 10:10:25,447 DEBUG   HandlerThread:393732 [handler.py:handle_request():141] handle_request: poll_exit
2022-08-17 10:10:25,447 DEBUG   SenderThread:393732 [sender.py:send_request():316] send_request: poll_exit
2022-08-17 10:10:25,548 DEBUG   HandlerThread:393732 [handler.py:handle_request():141] handle_request: poll_exit
2022-08-17 10:10:25,549 DEBUG   SenderThread:393732 [sender.py:send_request():316] send_request: poll_exit
2022-08-17 10:10:25,650 DEBUG   HandlerThread:393732 [handler.py:handle_request():141] handle_request: poll_exit
2022-08-17 10:10:25,651 DEBUG   SenderThread:393732 [sender.py:send_request():316] send_request: poll_exit
2022-08-17 10:10:25,752 DEBUG   HandlerThread:393732 [handler.py:handle_request():141] handle_request: poll_exit
2022-08-17 10:10:25,752 DEBUG   SenderThread:393732 [sender.py:send_request():316] send_request: poll_exit
2022-08-17 10:10:25,854 DEBUG   HandlerThread:393732 [handler.py:handle_request():141] handle_request: poll_exit
2022-08-17 10:10:25,854 DEBUG   SenderThread:393732 [sender.py:send_request():316] send_request: poll_exit
2022-08-17 10:10:25,956 DEBUG   HandlerThread:393732 [handler.py:handle_request():141] handle_request: poll_exit
2022-08-17 10:10:25,956 DEBUG   SenderThread:393732 [sender.py:send_request():316] send_request: poll_exit
2022-08-17 10:10:26,057 DEBUG   HandlerThread:393732 [handler.py:handle_request():141] handle_request: poll_exit
2022-08-17 10:10:26,058 DEBUG   SenderThread:393732 [sender.py:send_request():316] send_request: poll_exit
2022-08-17 10:10:26,159 DEBUG   HandlerThread:393732 [handler.py:handle_request():141] handle_request: poll_exit
2022-08-17 10:10:26,160 DEBUG   SenderThread:393732 [sender.py:send_request():316] send_request: poll_exit
2022-08-17 10:10:26,261 DEBUG   HandlerThread:393732 [handler.py:handle_request():141] handle_request: poll_exit
2022-08-17 10:10:26,261 DEBUG   SenderThread:393732 [sender.py:send_request():316] send_request: poll_exit
2022-08-17 10:10:26,362 DEBUG   HandlerThread:393732 [handler.py:handle_request():141] handle_request: poll_exit
2022-08-17 10:10:26,363 DEBUG   SenderThread:393732 [sender.py:send_request():316] send_request: poll_exit
2022-08-17 10:10:26,464 DEBUG   HandlerThread:393732 [handler.py:handle_request():141] handle_request: poll_exit
2022-08-17 10:10:26,465 DEBUG   SenderThread:393732 [sender.py:send_request():316] send_request: poll_exit
2022-08-17 10:10:26,566 DEBUG   HandlerThread:393732 [handler.py:handle_request():141] handle_request: poll_exit
2022-08-17 10:10:26,566 DEBUG   SenderThread:393732 [sender.py:send_request():316] send_request: poll_exit
2022-08-17 10:10:26,668 DEBUG   HandlerThread:393732 [handler.py:handle_request():141] handle_request: poll_exit
2022-08-17 10:10:26,668 DEBUG   SenderThread:393732 [sender.py:send_request():316] send_request: poll_exit
2022-08-17 10:10:26,770 DEBUG   HandlerThread:393732 [handler.py:handle_request():141] handle_request: poll_exit
2022-08-17 10:10:26,770 DEBUG   SenderThread:393732 [sender.py:send_request():316] send_request: poll_exit
2022-08-17 10:10:26,872 DEBUG   HandlerThread:393732 [handler.py:handle_request():141] handle_request: poll_exit
2022-08-17 10:10:26,872 DEBUG   SenderThread:393732 [sender.py:send_request():316] send_request: poll_exit
2022-08-17 10:10:26,974 DEBUG   HandlerThread:393732 [handler.py:handle_request():141] handle_request: poll_exit
2022-08-17 10:10:26,974 DEBUG   SenderThread:393732 [sender.py:send_request():316] send_request: poll_exit
2022-08-17 10:10:27,076 DEBUG   HandlerThread:393732 [handler.py:handle_request():141] handle_request: poll_exit
2022-08-17 10:10:27,076 DEBUG   SenderThread:393732 [sender.py:send_request():316] send_request: poll_exit
2022-08-17 10:10:27,177 DEBUG   HandlerThread:393732 [handler.py:handle_request():141] handle_request: poll_exit
2022-08-17 10:10:27,177 DEBUG   SenderThread:393732 [sender.py:send_request():316] send_request: poll_exit
2022-08-17 10:10:27,279 DEBUG   HandlerThread:393732 [handler.py:handle_request():141] handle_request: poll_exit
2022-08-17 10:10:27,280 DEBUG   SenderThread:393732 [sender.py:send_request():316] send_request: poll_exit
2022-08-17 10:10:27,382 DEBUG   HandlerThread:393732 [handler.py:handle_request():141] handle_request: poll_exit
2022-08-17 10:10:27,382 DEBUG   SenderThread:393732 [sender.py:send_request():316] send_request: poll_exit
2022-08-17 10:10:27,483 DEBUG   HandlerThread:393732 [handler.py:handle_request():141] handle_request: poll_exit
2022-08-17 10:10:27,483 DEBUG   SenderThread:393732 [sender.py:send_request():316] send_request: poll_exit
2022-08-17 10:10:27,584 DEBUG   HandlerThread:393732 [handler.py:handle_request():141] handle_request: poll_exit
2022-08-17 10:10:27,584 DEBUG   SenderThread:393732 [sender.py:send_request():316] send_request: poll_exit
2022-08-17 10:10:27,665 INFO    Thread-14 :393732 [upload_job.py:push():138] Uploaded file ./wandb/run-20220817_100851-37dq62ys/files/config.yaml
2022-08-17 10:10:27,685 DEBUG   HandlerThread:393732 [handler.py:handle_request():141] handle_request: poll_exit
2022-08-17 10:10:27,686 DEBUG   SenderThread:393732 [sender.py:send_request():316] send_request: poll_exit
2022-08-17 10:10:27,787 DEBUG   HandlerThread:393732 [handler.py:handle_request():141] handle_request: poll_exit
2022-08-17 10:10:27,787 DEBUG   SenderThread:393732 [sender.py:send_request():316] send_request: poll_exit
2022-08-17 10:10:27,889 DEBUG   HandlerThread:393732 [handler.py:handle_request():141] handle_request: poll_exit
2022-08-17 10:10:27,889 DEBUG   SenderThread:393732 [sender.py:send_request():316] send_request: poll_exit
2022-08-17 10:10:27,990 DEBUG   HandlerThread:393732 [handler.py:handle_request():141] handle_request: poll_exit
2022-08-17 10:10:27,991 DEBUG   SenderThread:393732 [sender.py:send_request():316] send_request: poll_exit
2022-08-17 10:10:28,092 DEBUG   HandlerThread:393732 [handler.py:handle_request():141] handle_request: poll_exit
2022-08-17 10:10:28,092 DEBUG   SenderThread:393732 [sender.py:send_request():316] send_request: poll_exit
2022-08-17 10:10:28,194 DEBUG   HandlerThread:393732 [handler.py:handle_request():141] handle_request: poll_exit
2022-08-17 10:10:28,194 DEBUG   SenderThread:393732 [sender.py:send_request():316] send_request: poll_exit
2022-08-17 10:10:28,296 DEBUG   HandlerThread:393732 [handler.py:handle_request():141] handle_request: poll_exit
2022-08-17 10:10:28,296 DEBUG   SenderThread:393732 [sender.py:send_request():316] send_request: poll_exit
2022-08-17 10:10:28,398 DEBUG   HandlerThread:393732 [handler.py:handle_request():141] handle_request: poll_exit
2022-08-17 10:10:28,398 DEBUG   SenderThread:393732 [sender.py:send_request():316] send_request: poll_exit
2022-08-17 10:10:28,499 DEBUG   HandlerThread:393732 [handler.py:handle_request():141] handle_request: poll_exit
2022-08-17 10:10:28,500 DEBUG   SenderThread:393732 [sender.py:send_request():316] send_request: poll_exit
2022-08-17 10:10:28,601 DEBUG   HandlerThread:393732 [handler.py:handle_request():141] handle_request: poll_exit
2022-08-17 10:10:28,602 DEBUG   SenderThread:393732 [sender.py:send_request():316] send_request: poll_exit
2022-08-17 10:10:28,703 DEBUG   HandlerThread:393732 [handler.py:handle_request():141] handle_request: poll_exit
2022-08-17 10:10:28,703 DEBUG   SenderThread:393732 [sender.py:send_request():316] send_request: poll_exit
2022-08-17 10:10:28,805 DEBUG   HandlerThread:393732 [handler.py:handle_request():141] handle_request: poll_exit
2022-08-17 10:10:28,805 DEBUG   SenderThread:393732 [sender.py:send_request():316] send_request: poll_exit
2022-08-17 10:10:28,906 DEBUG   HandlerThread:393732 [handler.py:handle_request():141] handle_request: poll_exit
2022-08-17 10:10:28,907 DEBUG   SenderThread:393732 [sender.py:send_request():316] send_request: poll_exit
2022-08-17 10:10:29,008 DEBUG   HandlerThread:393732 [handler.py:handle_request():141] handle_request: poll_exit
2022-08-17 10:10:29,008 DEBUG   SenderThread:393732 [sender.py:send_request():316] send_request: poll_exit
2022-08-17 10:10:29,110 DEBUG   HandlerThread:393732 [handler.py:handle_request():141] handle_request: poll_exit
2022-08-17 10:10:29,110 DEBUG   SenderThread:393732 [sender.py:send_request():316] send_request: poll_exit
2022-08-17 10:10:29,212 DEBUG   HandlerThread:393732 [handler.py:handle_request():141] handle_request: poll_exit
2022-08-17 10:10:29,212 DEBUG   SenderThread:393732 [sender.py:send_request():316] send_request: poll_exit
2022-08-17 10:10:29,314 DEBUG   HandlerThread:393732 [handler.py:handle_request():141] handle_request: poll_exit
2022-08-17 10:10:29,314 DEBUG   SenderThread:393732 [sender.py:send_request():316] send_request: poll_exit
2022-08-17 10:10:29,415 DEBUG   HandlerThread:393732 [handler.py:handle_request():141] handle_request: poll_exit
2022-08-17 10:10:29,416 DEBUG   SenderThread:393732 [sender.py:send_request():316] send_request: poll_exit
2022-08-17 10:10:29,517 DEBUG   HandlerThread:393732 [handler.py:handle_request():141] handle_request: poll_exit
2022-08-17 10:10:29,517 DEBUG   SenderThread:393732 [sender.py:send_request():316] send_request: poll_exit
2022-08-17 10:10:29,619 DEBUG   HandlerThread:393732 [handler.py:handle_request():141] handle_request: poll_exit
2022-08-17 10:10:29,619 DEBUG   SenderThread:393732 [sender.py:send_request():316] send_request: poll_exit
2022-08-17 10:10:29,720 DEBUG   HandlerThread:393732 [handler.py:handle_request():141] handle_request: poll_exit
2022-08-17 10:10:29,721 DEBUG   SenderThread:393732 [sender.py:send_request():316] send_request: poll_exit
2022-08-17 10:10:29,822 DEBUG   HandlerThread:393732 [handler.py:handle_request():141] handle_request: poll_exit
2022-08-17 10:10:29,822 DEBUG   SenderThread:393732 [sender.py:send_request():316] send_request: poll_exit
2022-08-17 10:10:29,923 DEBUG   HandlerThread:393732 [handler.py:handle_request():141] handle_request: poll_exit
2022-08-17 10:10:29,924 DEBUG   SenderThread:393732 [sender.py:send_request():316] send_request: poll_exit
2022-08-17 10:10:30,025 DEBUG   HandlerThread:393732 [handler.py:handle_request():141] handle_request: poll_exit
2022-08-17 10:10:30,025 DEBUG   SenderThread:393732 [sender.py:send_request():316] send_request: poll_exit
2022-08-17 10:10:30,126 DEBUG   HandlerThread:393732 [handler.py:handle_request():141] handle_request: poll_exit
2022-08-17 10:10:30,126 DEBUG   SenderThread:393732 [sender.py:send_request():316] send_request: poll_exit
2022-08-17 10:10:30,227 DEBUG   HandlerThread:393732 [handler.py:handle_request():141] handle_request: poll_exit
2022-08-17 10:10:30,227 DEBUG   SenderThread:393732 [sender.py:send_request():316] send_request: poll_exit
2022-08-17 10:10:30,285 INFO    Thread-15 :393732 [upload_job.py:push():138] Uploaded file ./wandb/run-20220817_100851-37dq62ys/files/wandb-summary.json
2022-08-17 10:10:30,328 DEBUG   HandlerThread:393732 [handler.py:handle_request():141] handle_request: poll_exit
2022-08-17 10:10:30,329 DEBUG   SenderThread:393732 [sender.py:send_request():316] send_request: poll_exit
2022-08-17 10:10:30,430 DEBUG   HandlerThread:393732 [handler.py:handle_request():141] handle_request: poll_exit
2022-08-17 10:10:30,430 DEBUG   SenderThread:393732 [sender.py:send_request():316] send_request: poll_exit
2022-08-17 10:10:30,486 INFO    Thread-11 :393732 [sender.py:transition_state():459] send defer: 9
2022-08-17 10:10:30,487 DEBUG   HandlerThread:393732 [handler.py:handle_request():141] handle_request: defer
2022-08-17 10:10:30,487 INFO    HandlerThread:393732 [handler.py:handle_request_defer():164] handle defer: 9
2022-08-17 10:10:30,487 DEBUG   SenderThread:393732 [sender.py:send_request():316] send_request: defer
2022-08-17 10:10:30,488 INFO    SenderThread:393732 [sender.py:send_request_defer():455] handle sender defer: 9
2022-08-17 10:10:30,532 DEBUG   HandlerThread:393732 [handler.py:handle_request():141] handle_request: poll_exit
2022-08-17 10:10:35,633 DEBUG   HandlerThread:393732 [handler.py:handle_request():141] handle_request: poll_exit
2022-08-17 10:10:35,644 INFO    SenderThread:393732 [sender.py:transition_state():459] send defer: 10
2022-08-17 10:10:35,645 DEBUG   SenderThread:393732 [sender.py:send_request():316] send_request: poll_exit
2022-08-17 10:10:35,645 DEBUG   SenderThread:393732 [sender.py:send_request():316] send_request: poll_exit
2022-08-17 10:10:35,646 DEBUG   HandlerThread:393732 [handler.py:handle_request():141] handle_request: defer
2022-08-17 10:10:35,646 INFO    HandlerThread:393732 [handler.py:handle_request_defer():164] handle defer: 10
2022-08-17 10:10:35,646 DEBUG   SenderThread:393732 [sender.py:send_request():316] send_request: defer
2022-08-17 10:10:35,647 INFO    SenderThread:393732 [sender.py:send_request_defer():455] handle sender defer: 10
2022-08-17 10:10:35,647 INFO    SenderThread:393732 [sender.py:transition_state():459] send defer: 11
2022-08-17 10:10:35,648 DEBUG   HandlerThread:393732 [handler.py:handle_request():141] handle_request: defer
2022-08-17 10:10:35,648 INFO    HandlerThread:393732 [handler.py:handle_request_defer():164] handle defer: 11
2022-08-17 10:10:35,649 DEBUG   SenderThread:393732 [sender.py:send():302] send: final
2022-08-17 10:10:35,649 DEBUG   SenderThread:393732 [sender.py:send():302] send: footer
2022-08-17 10:10:35,649 DEBUG   SenderThread:393732 [sender.py:send_request():316] send_request: defer
2022-08-17 10:10:35,649 INFO    SenderThread:393732 [sender.py:send_request_defer():455] handle sender defer: 11
2022-08-17 10:10:35,749 DEBUG   HandlerThread:393732 [handler.py:handle_request():141] handle_request: poll_exit
2022-08-17 10:10:35,750 DEBUG   SenderThread:393732 [sender.py:send_request():316] send_request: poll_exit
2022-08-17 10:10:35,750 INFO    SenderThread:393732 [file_pusher.py:join():176] waiting for file pusher
2022-08-17 10:10:36,402 DEBUG   HandlerThread:393732 [handler.py:handle_request():141] handle_request: sampled_history
2022-08-17 10:10:36,403 DEBUG   HandlerThread:393732 [handler.py:handle_request():141] handle_request: get_summary
2022-08-17 10:10:36,403 INFO    MainThread:393732 [wandb_run.py:_footer_history_summary_info():3305] rendering history
2022-08-17 10:10:36,404 INFO    MainThread:393732 [wandb_run.py:_footer_history_summary_info():3337] rendering summary
2022-08-17 10:10:36,404 INFO    MainThread:393732 [wandb_run.py:_footer_sync_info():3261] logging synced files
2022-08-17 10:10:36,404 DEBUG   HandlerThread:393732 [handler.py:handle_request():141] handle_request: shutdown
2022-08-17 10:10:36,404 INFO    HandlerThread:393732 [handler.py:finish():810] shutting down handler
2022-08-17 10:10:36,648 INFO    WriterThread:393732 [datastore.py:close():279] close: ./wandb/run-20220817_100851-37dq62ys/run-37dq62ys.wandb
2022-08-17 10:10:37,301 INFO    SenderThread:393732 [sender.py:finish():1312] shutting down sender
2022-08-17 10:10:37,301 INFO    SenderThread:393732 [file_pusher.py:finish():171] shutting down file pusher
2022-08-17 10:10:37,301 INFO    SenderThread:393732 [file_pusher.py:join():176] waiting for file pusher
2022-08-17 10:10:37,406 INFO    MainThread:393732 [internal.py:handle_exit():80] Internal process exited
