2022-08-17 10:35:23,822 INFO    StreamThr :435230 [internal.py:wandb_internal():90] W&B internal server running at pid: 435230, started at: 2022-08-17 10:35:23.822208
2022-08-17 10:35:23,824 DEBUG   HandlerThread:435230 [handler.py:handle_request():141] handle_request: status
2022-08-17 10:35:23,826 DEBUG   SenderThread:435230 [sender.py:send_request():316] send_request: status
2022-08-17 10:35:23,827 DEBUG   SenderThread:435230 [sender.py:send():302] send: header
2022-08-17 10:35:23,827 INFO    WriterThread:435230 [datastore.py:open_for_write():75] open: ./wandb/run-20220817_103523-5uu4nd3a/run-5uu4nd3a.wandb
2022-08-17 10:35:23,963 DEBUG   SenderThread:435230 [sender.py:send():302] send: run
2022-08-17 10:35:23,965 INFO    SenderThread:435230 [sender.py:_maybe_setup_resume():578] checking resume status for None/prostate/5uu4nd3a
2022-08-17 10:35:39,561 INFO    SenderThread:435230 [dir_watcher.py:__init__():216] watching files in: ./wandb/run-20220817_103523-5uu4nd3a/files
2022-08-17 10:35:39,561 INFO    SenderThread:435230 [sender.py:_start_run_threads():913] run started: 5uu4nd3a with start time 1660725323.820236
2022-08-17 10:35:39,563 DEBUG   HandlerThread:435230 [handler.py:handle_request():141] handle_request: check_version
2022-08-17 10:35:39,563 DEBUG   SenderThread:435230 [sender.py:send():302] send: summary
2022-08-17 10:35:39,564 INFO    SenderThread:435230 [sender.py:_save_file():1156] saving file wandb-summary.json with policy end
2022-08-17 10:35:39,564 DEBUG   SenderThread:435230 [sender.py:send_request():316] send_request: check_version
2022-08-17 10:35:39,617 DEBUG   HandlerThread:435230 [handler.py:handle_request():141] handle_request: run_start
2022-08-17 10:35:40,562 INFO    Thread-12 :435230 [dir_watcher.py:_on_file_created():275] file/dir created: ./wandb/run-20220817_103523-5uu4nd3a/files/wandb-summary.json
2022-08-17 10:35:40,606 DEBUG   HandlerThread:435230 [meta.py:__init__():35] meta init
2022-08-17 10:35:40,606 DEBUG   HandlerThread:435230 [meta.py:__init__():50] meta init done
2022-08-17 10:35:40,606 DEBUG   HandlerThread:435230 [meta.py:probe():216] probe
2022-08-17 10:35:40,616 DEBUG   HandlerThread:435230 [meta.py:_setup_git():206] setup git
2022-08-17 10:35:40,638 DEBUG   HandlerThread:435230 [meta.py:_setup_git():213] setup git done
2022-08-17 10:35:40,638 DEBUG   HandlerThread:435230 [meta.py:_save_pip():54] save pip
2022-08-17 10:35:40,639 DEBUG   HandlerThread:435230 [meta.py:_save_pip():68] save pip done
2022-08-17 10:35:40,639 DEBUG   HandlerThread:435230 [meta.py:probe():254] probe done
2022-08-17 10:35:40,746 DEBUG   SenderThread:435230 [sender.py:send():302] send: files
2022-08-17 10:35:40,746 INFO    SenderThread:435230 [sender.py:_save_file():1156] saving file wandb-metadata.json with policy now
2022-08-17 10:35:40,752 DEBUG   HandlerThread:435230 [handler.py:handle_request():141] handle_request: stop_status
2022-08-17 10:35:40,753 DEBUG   SenderThread:435230 [sender.py:send_request():316] send_request: stop_status
2022-08-17 10:35:41,022 DEBUG   SenderThread:435230 [sender.py:send():302] send: telemetry
2022-08-17 10:35:41,022 DEBUG   SenderThread:435230 [sender.py:send():302] send: metric
2022-08-17 10:35:41,023 DEBUG   SenderThread:435230 [sender.py:send():302] send: telemetry
2022-08-17 10:35:41,023 DEBUG   SenderThread:435230 [sender.py:send():302] send: metric
2022-08-17 10:35:41,023 WARNING SenderThread:435230 [sender.py:send_metric():1112] Seen metric with glob (shouldn't happen)
2022-08-17 10:35:41,027 DEBUG   SenderThread:435230 [sender.py:send():302] send: config
2022-08-17 10:35:41,520 INFO    Thread-16 :435230 [upload_job.py:push():138] Uploaded file /tmp/tmpi17zofx2wandb/1pqvpybj-wandb-metadata.json
2022-08-17 10:35:41,562 INFO    Thread-12 :435230 [dir_watcher.py:_on_file_created():275] file/dir created: ./wandb/run-20220817_103523-5uu4nd3a/files/wandb-metadata.json
2022-08-17 10:35:41,562 INFO    Thread-12 :435230 [dir_watcher.py:_on_file_created():275] file/dir created: ./wandb/run-20220817_103523-5uu4nd3a/files/output.log
2022-08-17 10:35:41,562 INFO    Thread-12 :435230 [dir_watcher.py:_on_file_created():275] file/dir created: ./wandb/run-20220817_103523-5uu4nd3a/files/requirements.txt
2022-08-17 10:35:43,563 INFO    Thread-12 :435230 [dir_watcher.py:_on_file_modified():292] file/dir modified: ./wandb/run-20220817_103523-5uu4nd3a/files/output.log
2022-08-17 10:35:55,568 INFO    Thread-12 :435230 [dir_watcher.py:_on_file_modified():292] file/dir modified: ./wandb/run-20220817_103523-5uu4nd3a/files/config.yaml
2022-08-17 10:35:56,808 DEBUG   HandlerThread:435230 [handler.py:handle_request():141] handle_request: stop_status
2022-08-17 10:35:56,809 DEBUG   SenderThread:435230 [sender.py:send_request():316] send_request: stop_status
2022-08-17 10:36:12,048 DEBUG   HandlerThread:435230 [handler.py:handle_request():141] handle_request: stop_status
2022-08-17 10:36:12,048 DEBUG   SenderThread:435230 [sender.py:send_request():316] send_request: stop_status
2022-08-17 10:36:20,191 DEBUG   SenderThread:435230 [sender.py:send():302] send: stats
2022-08-17 10:36:25,592 INFO    Thread-12 :435230 [dir_watcher.py:_on_file_modified():292] file/dir modified: ./wandb/run-20220817_103523-5uu4nd3a/files/output.log
2022-08-17 10:36:27,276 DEBUG   HandlerThread:435230 [handler.py:handle_request():141] handle_request: stop_status
2022-08-17 10:36:27,278 DEBUG   SenderThread:435230 [sender.py:send_request():316] send_request: stop_status
2022-08-17 10:36:37,609 INFO    Thread-12 :435230 [dir_watcher.py:_on_file_modified():292] file/dir modified: ./wandb/run-20220817_103523-5uu4nd3a/files/output.log
2022-08-17 10:36:42,500 DEBUG   HandlerThread:435230 [handler.py:handle_request():141] handle_request: stop_status
2022-08-17 10:36:42,500 DEBUG   SenderThread:435230 [sender.py:send_request():316] send_request: stop_status
2022-08-17 10:36:43,613 INFO    Thread-12 :435230 [dir_watcher.py:_on_file_modified():292] file/dir modified: ./wandb/run-20220817_103523-5uu4nd3a/files/output.log
2022-08-17 10:36:51,616 INFO    Thread-12 :435230 [dir_watcher.py:_on_file_modified():292] file/dir modified: ./wandb/run-20220817_103523-5uu4nd3a/files/output.log
2022-08-17 10:36:53,617 INFO    Thread-12 :435230 [dir_watcher.py:_on_file_modified():292] file/dir modified: ./wandb/run-20220817_103523-5uu4nd3a/files/output.log
2022-08-17 10:36:55,618 INFO    Thread-12 :435230 [dir_watcher.py:_on_file_modified():292] file/dir modified: ./wandb/run-20220817_103523-5uu4nd3a/files/output.log
2022-08-17 10:36:57,619 INFO    Thread-12 :435230 [dir_watcher.py:_on_file_modified():292] file/dir modified: ./wandb/run-20220817_103523-5uu4nd3a/files/output.log
2022-08-17 10:36:59,620 INFO    Thread-12 :435230 [dir_watcher.py:_on_file_modified():292] file/dir modified: ./wandb/run-20220817_103523-5uu4nd3a/files/output.log
2022-08-17 10:37:01,620 INFO    Thread-12 :435230 [dir_watcher.py:_on_file_modified():292] file/dir modified: ./wandb/run-20220817_103523-5uu4nd3a/files/output.log
2022-08-17 10:37:02,501 DEBUG   HandlerThread:435230 [handler.py:handle_request():141] handle_request: stop_status
2022-08-17 10:37:02,502 DEBUG   SenderThread:435230 [sender.py:send_request():316] send_request: stop_status
2022-08-17 10:37:03,621 INFO    Thread-12 :435230 [dir_watcher.py:_on_file_modified():292] file/dir modified: ./wandb/run-20220817_103523-5uu4nd3a/files/output.log
2022-08-17 10:37:22,501 DEBUG   HandlerThread:435230 [handler.py:handle_request():141] handle_request: stop_status
2022-08-17 10:37:35,943 ERROR   SenderThread:435230 [retry.py:__call__():154] Retry attempt failed:
Traceback (most recent call last):
  File "/usr/lib/python3/dist-packages/urllib3/connectionpool.py", line 421, in _make_request
    six.raise_from(e, None)
  File "<string>", line 3, in raise_from
  File "/usr/lib/python3/dist-packages/urllib3/connectionpool.py", line 416, in _make_request
    httplib_response = conn.getresponse()
  File "/usr/lib/python3.8/http/client.py", line 1348, in getresponse
    response.begin()
  File "/usr/lib/python3.8/http/client.py", line 316, in begin
    version, status, reason = self._read_status()
  File "/usr/lib/python3.8/http/client.py", line 277, in _read_status
    line = str(self.fp.readline(_MAXLINE + 1), "iso-8859-1")
  File "/usr/lib/python3.8/socket.py", line 669, in readinto
    return self._sock.recv_into(b)
  File "/usr/lib/python3.8/ssl.py", line 1241, in recv_into
    return self.read(nbytes, buffer)
  File "/usr/lib/python3.8/ssl.py", line 1099, in read
    return self._sslobj.read(len, buffer)
socket.timeout: The read operation timed out

During handling of the above exception, another exception occurred:

Traceback (most recent call last):
  File "/usr/local/lib/python3.8/dist-packages/requests/adapters.py", line 489, in send
    resp = conn.urlopen(
  File "/usr/lib/python3/dist-packages/urllib3/connectionpool.py", line 719, in urlopen
    retries = retries.increment(
  File "/usr/lib/python3/dist-packages/urllib3/util/retry.py", line 400, in increment
    raise six.reraise(type(error), error, _stacktrace)
  File "/usr/lib/python3/dist-packages/six.py", line 703, in reraise
    raise value
  File "/usr/lib/python3/dist-packages/urllib3/connectionpool.py", line 665, in urlopen
    httplib_response = self._make_request(
  File "/usr/lib/python3/dist-packages/urllib3/connectionpool.py", line 423, in _make_request
    self._raise_timeout(err=e, url=url, timeout_value=read_timeout)
  File "/usr/lib/python3/dist-packages/urllib3/connectionpool.py", line 330, in _raise_timeout
    raise ReadTimeoutError(
urllib3.exceptions.ReadTimeoutError: HTTPSConnectionPool(host='api.wandb.ai', port=443): Read timed out. (read timeout=10)

During handling of the above exception, another exception occurred:

Traceback (most recent call last):
  File "/usr/local/lib/python3.8/dist-packages/wandb/sdk/lib/retry.py", line 113, in __call__
    result = self._call_fn(*args, **kwargs)
  File "/usr/local/lib/python3.8/dist-packages/wandb/sdk/internal/internal_api.py", line 204, in execute
    return self.client.execute(*args, **kwargs)  # type: ignore
  File "/usr/local/lib/python3.8/dist-packages/wandb/vendor/gql-0.2.0/wandb_gql/client.py", line 52, in execute
    result = self._get_result(document, *args, **kwargs)
  File "/usr/local/lib/python3.8/dist-packages/wandb/vendor/gql-0.2.0/wandb_gql/client.py", line 60, in _get_result
    return self.transport.execute(document, *args, **kwargs)
  File "/usr/local/lib/python3.8/dist-packages/wandb/vendor/gql-0.2.0/wandb_gql/transport/requests.py", line 38, in execute
    request = requests.post(self.url, **post_args)
  File "/usr/local/lib/python3.8/dist-packages/requests/api.py", line 115, in post
    return request("post", url, data=data, json=json, **kwargs)
  File "/usr/local/lib/python3.8/dist-packages/requests/api.py", line 59, in request
    return session.request(method=method, url=url, **kwargs)
  File "/usr/local/lib/python3.8/dist-packages/requests/sessions.py", line 587, in request
    resp = self.send(prep, **send_kwargs)
  File "/usr/local/lib/python3.8/dist-packages/requests/sessions.py", line 701, in send
    r = adapter.send(request, **kwargs)
  File "/usr/local/lib/python3.8/dist-packages/requests/adapters.py", line 578, in send
    raise ReadTimeout(e, request=request)
requests.exceptions.ReadTimeout: HTTPSConnectionPool(host='api.wandb.ai', port=443): Read timed out. (read timeout=10)
2022-08-17 10:37:42,502 DEBUG   HandlerThread:435230 [handler.py:handle_request():141] handle_request: stop_status
2022-08-17 10:37:46,308 WARNING FileStreamThread:435230 [file_stream.py:request_with_retry():666] requests_with_retry encountered retryable exception: 500 Server Error: Internal Server Error for url: https://api.wandb.ai/files/ozoooooh/prostate/5uu4nd3a/file_stream. func: <bound method Session.post of <requests.sessions.Session object at 0x7f91a1234880>>, args: ('https://api.wandb.ai/files/ozoooooh/prostate/5uu4nd3a/file_stream',), kwargs: {'json': {'files': {'output.log': {'offset': 16, 'content': ['2022-08-17T08:36:37.103972 [\x1b[36m2022-08-17 10:36:36,448\x1b[39m][\x1b[34mpytorch_lightning.accelerators.gpu\x1b[39m][\x1b[32mINFO\x1b[39m] - LOCAL_RANK: 0 - CUDA_VISIBLE_DEVICES: [0,1,2,3,4,5,6,7]\n', '2022-08-17T08:36:43.111709 [\x1b[36m2022-08-17 10:36:41,753\x1b[39m][\x1b[34mpytorch_lightning.utilities.rank_zero\x1b[39m][\x1b[32mINFO\x1b[39m] - Loaded model weights from checkpoint at /home/compu/jh/project/colon_compare/scripts/logs/experiments/runs/prostate/classifycompare/2022-08-09_10-34-32/checkpoints/epoch_005.ckpt\n', '2022-08-17T08:36:51.120238 \x1b[38mTesting\x1b[39m \x1b[38m╸━━━━━━━━━━━━━━━━━━━━━━━━━━━━━━━━━━━━━━━\x1b[39m \x1b[38m7/394\x1b[39m \x1b[38m0:00:06 • 0:06:46\x1b[39m \x1b[38m0.95it/s\n']}}, 'dropped': 0}}
2022-08-17 10:38:02,505 DEBUG   HandlerThread:435230 [handler.py:handle_request():141] handle_request: stop_status
2022-08-17 10:38:04,246 DEBUG   SenderThread:435230 [sender.py:send():302] send: stats
2022-08-17 10:38:04,247 DEBUG   SenderThread:435230 [sender.py:send_request():316] send_request: stop_status
2022-08-17 10:38:05,650 INFO    Thread-12 :435230 [dir_watcher.py:_on_file_modified():292] file/dir modified: ./wandb/run-20220817_103523-5uu4nd3a/files/output.log
2022-08-17 10:38:07,350 DEBUG   SenderThread:435230 [sender.py:send_request():316] send_request: stop_status
2022-08-17 10:38:08,263 DEBUG   SenderThread:435230 [sender.py:send():302] send: stats
2022-08-17 10:38:08,264 DEBUG   SenderThread:435230 [sender.py:send_request():316] send_request: stop_status
2022-08-17 10:38:09,667 INFO    Thread-12 :435230 [dir_watcher.py:_on_file_modified():292] file/dir modified: ./wandb/run-20220817_103523-5uu4nd3a/files/output.log
2022-08-17 10:38:11,671 INFO    Thread-12 :435230 [dir_watcher.py:_on_file_modified():292] file/dir modified: ./wandb/run-20220817_103523-5uu4nd3a/files/output.log
2022-08-17 10:38:15,672 INFO    Thread-12 :435230 [dir_watcher.py:_on_file_modified():292] file/dir modified: ./wandb/run-20220817_103523-5uu4nd3a/files/output.log
2022-08-17 10:38:19,673 INFO    Thread-12 :435230 [dir_watcher.py:_on_file_modified():292] file/dir modified: ./wandb/run-20220817_103523-5uu4nd3a/files/output.log
2022-08-17 10:38:22,504 DEBUG   HandlerThread:435230 [handler.py:handle_request():141] handle_request: stop_status
2022-08-17 10:38:22,504 DEBUG   SenderThread:435230 [sender.py:send_request():316] send_request: stop_status
2022-08-17 10:38:23,684 INFO    Thread-12 :435230 [dir_watcher.py:_on_file_modified():292] file/dir modified: ./wandb/run-20220817_103523-5uu4nd3a/files/output.log
2022-08-17 10:38:25,685 INFO    Thread-12 :435230 [dir_watcher.py:_on_file_modified():292] file/dir modified: ./wandb/run-20220817_103523-5uu4nd3a/files/output.log
2022-08-17 10:38:27,686 INFO    Thread-12 :435230 [dir_watcher.py:_on_file_modified():292] file/dir modified: ./wandb/run-20220817_103523-5uu4nd3a/files/output.log
2022-08-17 10:38:31,688 INFO    Thread-12 :435230 [dir_watcher.py:_on_file_modified():292] file/dir modified: ./wandb/run-20220817_103523-5uu4nd3a/files/output.log
2022-08-17 10:38:33,701 INFO    Thread-12 :435230 [dir_watcher.py:_on_file_modified():292] file/dir modified: ./wandb/run-20220817_103523-5uu4nd3a/files/output.log
2022-08-17 10:38:37,700 INFO    Thread-12 :435230 [dir_watcher.py:_on_file_modified():292] file/dir modified: ./wandb/run-20220817_103523-5uu4nd3a/files/output.log
2022-08-17 10:38:37,849 DEBUG   HandlerThread:435230 [handler.py:handle_request():141] handle_request: stop_status
2022-08-17 10:38:37,854 DEBUG   SenderThread:435230 [sender.py:send_request():316] send_request: stop_status
2022-08-17 10:38:39,703 INFO    Thread-12 :435230 [dir_watcher.py:_on_file_modified():292] file/dir modified: ./wandb/run-20220817_103523-5uu4nd3a/files/output.log
2022-08-17 10:38:41,705 INFO    Thread-12 :435230 [dir_watcher.py:_on_file_modified():292] file/dir modified: ./wandb/run-20220817_103523-5uu4nd3a/files/output.log
2022-08-17 10:38:43,706 INFO    Thread-12 :435230 [dir_watcher.py:_on_file_modified():292] file/dir modified: ./wandb/run-20220817_103523-5uu4nd3a/files/output.log
2022-08-17 10:38:47,710 INFO    Thread-12 :435230 [dir_watcher.py:_on_file_modified():292] file/dir modified: ./wandb/run-20220817_103523-5uu4nd3a/files/output.log
2022-08-17 10:38:48,702 DEBUG   SenderThread:435230 [sender.py:send():302] send: stats
2022-08-17 10:38:49,715 INFO    Thread-12 :435230 [dir_watcher.py:_on_file_modified():292] file/dir modified: ./wandb/run-20220817_103523-5uu4nd3a/files/output.log
2022-08-17 10:38:51,716 INFO    Thread-12 :435230 [dir_watcher.py:_on_file_modified():292] file/dir modified: ./wandb/run-20220817_103523-5uu4nd3a/files/output.log
2022-08-17 10:38:53,142 DEBUG   HandlerThread:435230 [handler.py:handle_request():141] handle_request: stop_status
2022-08-17 10:38:53,143 DEBUG   SenderThread:435230 [sender.py:send_request():316] send_request: stop_status
2022-08-17 10:38:53,717 INFO    Thread-12 :435230 [dir_watcher.py:_on_file_modified():292] file/dir modified: ./wandb/run-20220817_103523-5uu4nd3a/files/output.log
2022-08-17 10:38:55,717 INFO    Thread-12 :435230 [dir_watcher.py:_on_file_modified():292] file/dir modified: ./wandb/run-20220817_103523-5uu4nd3a/files/output.log
2022-08-17 10:38:57,719 INFO    Thread-12 :435230 [dir_watcher.py:_on_file_modified():292] file/dir modified: ./wandb/run-20220817_103523-5uu4nd3a/files/output.log
2022-08-17 10:38:59,723 INFO    Thread-12 :435230 [dir_watcher.py:_on_file_modified():292] file/dir modified: ./wandb/run-20220817_103523-5uu4nd3a/files/output.log
2022-08-17 10:39:01,724 INFO    Thread-12 :435230 [dir_watcher.py:_on_file_modified():292] file/dir modified: ./wandb/run-20220817_103523-5uu4nd3a/files/output.log
2022-08-17 10:39:03,725 INFO    Thread-12 :435230 [dir_watcher.py:_on_file_modified():292] file/dir modified: ./wandb/run-20220817_103523-5uu4nd3a/files/output.log
2022-08-17 10:39:05,735 INFO    Thread-12 :435230 [dir_watcher.py:_on_file_modified():292] file/dir modified: ./wandb/run-20220817_103523-5uu4nd3a/files/output.log
2022-08-17 10:39:07,739 INFO    Thread-12 :435230 [dir_watcher.py:_on_file_modified():292] file/dir modified: ./wandb/run-20220817_103523-5uu4nd3a/files/output.log
2022-08-17 10:39:08,416 DEBUG   HandlerThread:435230 [handler.py:handle_request():141] handle_request: stop_status
2022-08-17 10:39:08,416 DEBUG   SenderThread:435230 [sender.py:send_request():316] send_request: stop_status
2022-08-17 10:39:09,740 INFO    Thread-12 :435230 [dir_watcher.py:_on_file_modified():292] file/dir modified: ./wandb/run-20220817_103523-5uu4nd3a/files/output.log
2022-08-17 10:39:11,741 INFO    Thread-12 :435230 [dir_watcher.py:_on_file_modified():292] file/dir modified: ./wandb/run-20220817_103523-5uu4nd3a/files/output.log
2022-08-17 10:39:13,743 INFO    Thread-12 :435230 [dir_watcher.py:_on_file_modified():292] file/dir modified: ./wandb/run-20220817_103523-5uu4nd3a/files/output.log
2022-08-17 10:39:15,747 INFO    Thread-12 :435230 [dir_watcher.py:_on_file_modified():292] file/dir modified: ./wandb/run-20220817_103523-5uu4nd3a/files/output.log
2022-08-17 10:39:17,748 INFO    Thread-12 :435230 [dir_watcher.py:_on_file_modified():292] file/dir modified: ./wandb/run-20220817_103523-5uu4nd3a/files/output.log
2022-08-17 10:39:21,750 INFO    Thread-12 :435230 [dir_watcher.py:_on_file_modified():292] file/dir modified: ./wandb/run-20220817_103523-5uu4nd3a/files/output.log
2022-08-17 10:39:23,751 INFO    Thread-12 :435230 [dir_watcher.py:_on_file_modified():292] file/dir modified: ./wandb/run-20220817_103523-5uu4nd3a/files/output.log
2022-08-17 10:39:23,817 DEBUG   HandlerThread:435230 [handler.py:handle_request():141] handle_request: stop_status
2022-08-17 10:39:23,817 DEBUG   SenderThread:435230 [sender.py:send_request():316] send_request: stop_status
2022-08-17 10:39:25,752 INFO    Thread-12 :435230 [dir_watcher.py:_on_file_modified():292] file/dir modified: ./wandb/run-20220817_103523-5uu4nd3a/files/output.log
2022-08-17 10:39:27,753 INFO    Thread-12 :435230 [dir_watcher.py:_on_file_modified():292] file/dir modified: ./wandb/run-20220817_103523-5uu4nd3a/files/output.log
2022-08-17 10:39:29,759 INFO    Thread-12 :435230 [dir_watcher.py:_on_file_modified():292] file/dir modified: ./wandb/run-20220817_103523-5uu4nd3a/files/output.log
2022-08-17 10:39:31,566 DEBUG   SenderThread:435230 [sender.py:send():302] send: stats
2022-08-17 10:39:31,762 INFO    Thread-12 :435230 [dir_watcher.py:_on_file_modified():292] file/dir modified: ./wandb/run-20220817_103523-5uu4nd3a/files/output.log
2022-08-17 10:39:33,763 INFO    Thread-12 :435230 [dir_watcher.py:_on_file_modified():292] file/dir modified: ./wandb/run-20220817_103523-5uu4nd3a/files/output.log
2022-08-17 10:39:37,774 INFO    Thread-12 :435230 [dir_watcher.py:_on_file_modified():292] file/dir modified: ./wandb/run-20220817_103523-5uu4nd3a/files/output.log
2022-08-17 10:39:39,058 DEBUG   HandlerThread:435230 [handler.py:handle_request():141] handle_request: stop_status
2022-08-17 10:39:39,058 DEBUG   SenderThread:435230 [sender.py:send_request():316] send_request: stop_status
2022-08-17 10:39:39,776 INFO    Thread-12 :435230 [dir_watcher.py:_on_file_modified():292] file/dir modified: ./wandb/run-20220817_103523-5uu4nd3a/files/output.log
2022-08-17 10:39:41,777 INFO    Thread-12 :435230 [dir_watcher.py:_on_file_modified():292] file/dir modified: ./wandb/run-20220817_103523-5uu4nd3a/files/output.log
2022-08-17 10:39:43,778 INFO    Thread-12 :435230 [dir_watcher.py:_on_file_modified():292] file/dir modified: ./wandb/run-20220817_103523-5uu4nd3a/files/output.log
2022-08-17 10:39:45,782 INFO    Thread-12 :435230 [dir_watcher.py:_on_file_modified():292] file/dir modified: ./wandb/run-20220817_103523-5uu4nd3a/files/output.log
2022-08-17 10:39:47,783 INFO    Thread-12 :435230 [dir_watcher.py:_on_file_modified():292] file/dir modified: ./wandb/run-20220817_103523-5uu4nd3a/files/output.log
2022-08-17 10:39:49,784 INFO    Thread-12 :435230 [dir_watcher.py:_on_file_modified():292] file/dir modified: ./wandb/run-20220817_103523-5uu4nd3a/files/output.log
2022-08-17 10:39:51,785 INFO    Thread-12 :435230 [dir_watcher.py:_on_file_modified():292] file/dir modified: ./wandb/run-20220817_103523-5uu4nd3a/files/output.log
2022-08-17 10:39:53,786 INFO    Thread-12 :435230 [dir_watcher.py:_on_file_modified():292] file/dir modified: ./wandb/run-20220817_103523-5uu4nd3a/files/output.log
2022-08-17 10:39:54,295 DEBUG   HandlerThread:435230 [handler.py:handle_request():141] handle_request: stop_status
2022-08-17 10:39:54,296 DEBUG   SenderThread:435230 [sender.py:send_request():316] send_request: stop_status
2022-08-17 10:39:55,788 INFO    Thread-12 :435230 [dir_watcher.py:_on_file_modified():292] file/dir modified: ./wandb/run-20220817_103523-5uu4nd3a/files/output.log
2022-08-17 10:39:57,788 INFO    Thread-12 :435230 [dir_watcher.py:_on_file_modified():292] file/dir modified: ./wandb/run-20220817_103523-5uu4nd3a/files/output.log
2022-08-17 10:39:59,789 INFO    Thread-12 :435230 [dir_watcher.py:_on_file_modified():292] file/dir modified: ./wandb/run-20220817_103523-5uu4nd3a/files/output.log
2022-08-17 10:40:01,795 INFO    Thread-12 :435230 [dir_watcher.py:_on_file_modified():292] file/dir modified: ./wandb/run-20220817_103523-5uu4nd3a/files/output.log
2022-08-17 10:40:03,796 INFO    Thread-12 :435230 [dir_watcher.py:_on_file_modified():292] file/dir modified: ./wandb/run-20220817_103523-5uu4nd3a/files/output.log
2022-08-17 10:40:07,797 INFO    Thread-12 :435230 [dir_watcher.py:_on_file_modified():292] file/dir modified: ./wandb/run-20220817_103523-5uu4nd3a/files/output.log
2022-08-17 10:40:09,521 DEBUG   HandlerThread:435230 [handler.py:handle_request():141] handle_request: stop_status
2022-08-17 10:40:09,522 DEBUG   SenderThread:435230 [sender.py:send_request():316] send_request: stop_status
2022-08-17 10:40:09,798 INFO    Thread-12 :435230 [dir_watcher.py:_on_file_modified():292] file/dir modified: ./wandb/run-20220817_103523-5uu4nd3a/files/output.log
2022-08-17 10:40:16,079 DEBUG   SenderThread:435230 [sender.py:send():302] send: stats
2022-08-17 10:40:17,802 INFO    Thread-12 :435230 [dir_watcher.py:_on_file_modified():292] file/dir modified: ./wandb/run-20220817_103523-5uu4nd3a/files/output.log
2022-08-17 10:40:19,803 INFO    Thread-12 :435230 [dir_watcher.py:_on_file_modified():292] file/dir modified: ./wandb/run-20220817_103523-5uu4nd3a/files/output.log
2022-08-17 10:40:21,804 INFO    Thread-12 :435230 [dir_watcher.py:_on_file_modified():292] file/dir modified: ./wandb/run-20220817_103523-5uu4nd3a/files/output.log
2022-08-17 10:40:23,807 INFO    Thread-12 :435230 [dir_watcher.py:_on_file_modified():292] file/dir modified: ./wandb/run-20220817_103523-5uu4nd3a/files/output.log
2022-08-17 10:40:25,808 INFO    Thread-12 :435230 [dir_watcher.py:_on_file_modified():292] file/dir modified: ./wandb/run-20220817_103523-5uu4nd3a/files/output.log
2022-08-17 10:40:27,809 INFO    Thread-12 :435230 [dir_watcher.py:_on_file_modified():292] file/dir modified: ./wandb/run-20220817_103523-5uu4nd3a/files/output.log
2022-08-17 10:40:29,526 DEBUG   HandlerThread:435230 [handler.py:handle_request():141] handle_request: stop_status
2022-08-17 10:40:29,530 DEBUG   SenderThread:435230 [sender.py:send_request():316] send_request: stop_status
2022-08-17 10:40:29,810 INFO    Thread-12 :435230 [dir_watcher.py:_on_file_modified():292] file/dir modified: ./wandb/run-20220817_103523-5uu4nd3a/files/output.log
2022-08-17 10:40:49,527 DEBUG   HandlerThread:435230 [handler.py:handle_request():141] handle_request: stop_status
2022-08-17 10:41:02,929 ERROR   SenderThread:435230 [retry.py:__call__():154] Retry attempt failed:
Traceback (most recent call last):
  File "/usr/lib/python3/dist-packages/urllib3/connectionpool.py", line 421, in _make_request
    six.raise_from(e, None)
  File "<string>", line 3, in raise_from
  File "/usr/lib/python3/dist-packages/urllib3/connectionpool.py", line 416, in _make_request
    httplib_response = conn.getresponse()
  File "/usr/lib/python3.8/http/client.py", line 1348, in getresponse
    response.begin()
  File "/usr/lib/python3.8/http/client.py", line 316, in begin
    version, status, reason = self._read_status()
  File "/usr/lib/python3.8/http/client.py", line 277, in _read_status
    line = str(self.fp.readline(_MAXLINE + 1), "iso-8859-1")
  File "/usr/lib/python3.8/socket.py", line 669, in readinto
    return self._sock.recv_into(b)
  File "/usr/lib/python3.8/ssl.py", line 1241, in recv_into
    return self.read(nbytes, buffer)
  File "/usr/lib/python3.8/ssl.py", line 1099, in read
    return self._sslobj.read(len, buffer)
socket.timeout: The read operation timed out

During handling of the above exception, another exception occurred:

Traceback (most recent call last):
  File "/usr/local/lib/python3.8/dist-packages/requests/adapters.py", line 489, in send
    resp = conn.urlopen(
  File "/usr/lib/python3/dist-packages/urllib3/connectionpool.py", line 719, in urlopen
    retries = retries.increment(
  File "/usr/lib/python3/dist-packages/urllib3/util/retry.py", line 400, in increment
    raise six.reraise(type(error), error, _stacktrace)
  File "/usr/lib/python3/dist-packages/six.py", line 703, in reraise
    raise value
  File "/usr/lib/python3/dist-packages/urllib3/connectionpool.py", line 665, in urlopen
    httplib_response = self._make_request(
  File "/usr/lib/python3/dist-packages/urllib3/connectionpool.py", line 423, in _make_request
    self._raise_timeout(err=e, url=url, timeout_value=read_timeout)
  File "/usr/lib/python3/dist-packages/urllib3/connectionpool.py", line 330, in _raise_timeout
    raise ReadTimeoutError(
urllib3.exceptions.ReadTimeoutError: HTTPSConnectionPool(host='api.wandb.ai', port=443): Read timed out. (read timeout=10)

During handling of the above exception, another exception occurred:

Traceback (most recent call last):
  File "/usr/local/lib/python3.8/dist-packages/wandb/sdk/lib/retry.py", line 113, in __call__
    result = self._call_fn(*args, **kwargs)
  File "/usr/local/lib/python3.8/dist-packages/wandb/sdk/internal/internal_api.py", line 204, in execute
    return self.client.execute(*args, **kwargs)  # type: ignore
  File "/usr/local/lib/python3.8/dist-packages/wandb/vendor/gql-0.2.0/wandb_gql/client.py", line 52, in execute
    result = self._get_result(document, *args, **kwargs)
  File "/usr/local/lib/python3.8/dist-packages/wandb/vendor/gql-0.2.0/wandb_gql/client.py", line 60, in _get_result
    return self.transport.execute(document, *args, **kwargs)
  File "/usr/local/lib/python3.8/dist-packages/wandb/vendor/gql-0.2.0/wandb_gql/transport/requests.py", line 38, in execute
    request = requests.post(self.url, **post_args)
  File "/usr/local/lib/python3.8/dist-packages/requests/api.py", line 115, in post
    return request("post", url, data=data, json=json, **kwargs)
  File "/usr/local/lib/python3.8/dist-packages/requests/api.py", line 59, in request
    return session.request(method=method, url=url, **kwargs)
  File "/usr/local/lib/python3.8/dist-packages/requests/sessions.py", line 587, in request
    resp = self.send(prep, **send_kwargs)
  File "/usr/local/lib/python3.8/dist-packages/requests/sessions.py", line 701, in send
    r = adapter.send(request, **kwargs)
  File "/usr/local/lib/python3.8/dist-packages/requests/adapters.py", line 578, in send
    raise ReadTimeout(e, request=request)
requests.exceptions.ReadTimeout: HTTPSConnectionPool(host='api.wandb.ai', port=443): Read timed out. (read timeout=10)
2022-08-17 10:41:09,529 DEBUG   HandlerThread:435230 [handler.py:handle_request():141] handle_request: stop_status
2022-08-17 10:41:12,139 DEBUG   SenderThread:435230 [sender.py:send_request():316] send_request: stop_status
2022-08-17 10:41:13,843 INFO    Thread-12 :435230 [dir_watcher.py:_on_file_modified():292] file/dir modified: ./wandb/run-20220817_103523-5uu4nd3a/files/output.log
2022-08-17 10:41:15,626 DEBUG   SenderThread:435230 [sender.py:send_request():316] send_request: stop_status
2022-08-17 10:41:17,845 INFO    Thread-12 :435230 [dir_watcher.py:_on_file_modified():292] file/dir modified: ./wandb/run-20220817_103523-5uu4nd3a/files/output.log
2022-08-17 10:41:24,273 DEBUG   SenderThread:435230 [sender.py:send():302] send: stats
2022-08-17 10:41:25,860 INFO    Thread-12 :435230 [dir_watcher.py:_on_file_modified():292] file/dir modified: ./wandb/run-20220817_103523-5uu4nd3a/files/output.log
2022-08-17 10:41:27,861 INFO    Thread-12 :435230 [dir_watcher.py:_on_file_modified():292] file/dir modified: ./wandb/run-20220817_103523-5uu4nd3a/files/output.log
2022-08-17 10:41:29,529 DEBUG   HandlerThread:435230 [handler.py:handle_request():141] handle_request: stop_status
2022-08-17 10:41:29,529 DEBUG   SenderThread:435230 [sender.py:send_request():316] send_request: stop_status
2022-08-17 10:41:29,862 INFO    Thread-12 :435230 [dir_watcher.py:_on_file_modified():292] file/dir modified: ./wandb/run-20220817_103523-5uu4nd3a/files/output.log
2022-08-17 10:41:33,870 INFO    Thread-12 :435230 [dir_watcher.py:_on_file_modified():292] file/dir modified: ./wandb/run-20220817_103523-5uu4nd3a/files/output.log
2022-08-17 10:41:35,868 INFO    Thread-12 :435230 [dir_watcher.py:_on_file_modified():292] file/dir modified: ./wandb/run-20220817_103523-5uu4nd3a/files/output.log
2022-08-17 10:41:37,869 INFO    Thread-12 :435230 [dir_watcher.py:_on_file_modified():292] file/dir modified: ./wandb/run-20220817_103523-5uu4nd3a/files/output.log
2022-08-17 10:41:39,870 INFO    Thread-12 :435230 [dir_watcher.py:_on_file_modified():292] file/dir modified: ./wandb/run-20220817_103523-5uu4nd3a/files/output.log
2022-08-17 10:41:41,879 INFO    Thread-12 :435230 [dir_watcher.py:_on_file_modified():292] file/dir modified: ./wandb/run-20220817_103523-5uu4nd3a/files/output.log
2022-08-17 10:41:43,880 INFO    Thread-12 :435230 [dir_watcher.py:_on_file_modified():292] file/dir modified: ./wandb/run-20220817_103523-5uu4nd3a/files/output.log
2022-08-17 10:41:45,891 INFO    Thread-12 :435230 [dir_watcher.py:_on_file_modified():292] file/dir modified: ./wandb/run-20220817_103523-5uu4nd3a/files/output.log
2022-08-17 10:41:47,675 DEBUG   HandlerThread:435230 [handler.py:handle_request():141] handle_request: stop_status
2022-08-17 10:41:47,676 DEBUG   SenderThread:435230 [sender.py:send_request():316] send_request: stop_status
2022-08-17 10:41:47,895 INFO    Thread-12 :435230 [dir_watcher.py:_on_file_modified():292] file/dir modified: ./wandb/run-20220817_103523-5uu4nd3a/files/output.log
2022-08-17 10:41:49,896 INFO    Thread-12 :435230 [dir_watcher.py:_on_file_modified():292] file/dir modified: ./wandb/run-20220817_103523-5uu4nd3a/files/output.log
2022-08-17 10:41:51,902 INFO    Thread-12 :435230 [dir_watcher.py:_on_file_modified():292] file/dir modified: ./wandb/run-20220817_103523-5uu4nd3a/files/output.log
2022-08-17 10:41:53,900 INFO    Thread-12 :435230 [dir_watcher.py:_on_file_modified():292] file/dir modified: ./wandb/run-20220817_103523-5uu4nd3a/files/output.log
2022-08-17 10:41:55,900 INFO    Thread-12 :435230 [dir_watcher.py:_on_file_modified():292] file/dir modified: ./wandb/run-20220817_103523-5uu4nd3a/files/output.log
2022-08-17 10:41:57,901 INFO    Thread-12 :435230 [dir_watcher.py:_on_file_modified():292] file/dir modified: ./wandb/run-20220817_103523-5uu4nd3a/files/output.log
2022-08-17 10:42:01,903 INFO    Thread-12 :435230 [dir_watcher.py:_on_file_modified():292] file/dir modified: ./wandb/run-20220817_103523-5uu4nd3a/files/output.log
2022-08-17 10:42:02,907 DEBUG   HandlerThread:435230 [handler.py:handle_request():141] handle_request: stop_status
2022-08-17 10:42:02,907 DEBUG   SenderThread:435230 [sender.py:send_request():316] send_request: stop_status
2022-08-17 10:42:03,907 INFO    Thread-12 :435230 [dir_watcher.py:_on_file_modified():292] file/dir modified: ./wandb/run-20220817_103523-5uu4nd3a/files/output.log
2022-08-17 10:42:05,907 INFO    Thread-12 :435230 [dir_watcher.py:_on_file_modified():292] file/dir modified: ./wandb/run-20220817_103523-5uu4nd3a/files/output.log
2022-08-17 10:42:05,986 DEBUG   SenderThread:435230 [sender.py:send():302] send: stats
2022-08-17 10:42:07,911 INFO    Thread-12 :435230 [dir_watcher.py:_on_file_modified():292] file/dir modified: ./wandb/run-20220817_103523-5uu4nd3a/files/output.log
2022-08-17 10:42:11,919 INFO    Thread-12 :435230 [dir_watcher.py:_on_file_modified():292] file/dir modified: ./wandb/run-20220817_103523-5uu4nd3a/files/output.log
2022-08-17 10:42:13,920 INFO    Thread-12 :435230 [dir_watcher.py:_on_file_modified():292] file/dir modified: ./wandb/run-20220817_103523-5uu4nd3a/files/output.log
2022-08-17 10:42:15,924 INFO    Thread-12 :435230 [dir_watcher.py:_on_file_modified():292] file/dir modified: ./wandb/run-20220817_103523-5uu4nd3a/files/output.log
2022-08-17 10:42:17,929 INFO    Thread-12 :435230 [dir_watcher.py:_on_file_modified():292] file/dir modified: ./wandb/run-20220817_103523-5uu4nd3a/files/output.log
2022-08-17 10:42:18,230 DEBUG   HandlerThread:435230 [handler.py:handle_request():141] handle_request: stop_status
2022-08-17 10:42:18,230 DEBUG   SenderThread:435230 [sender.py:send_request():316] send_request: stop_status
2022-08-17 10:42:19,930 INFO    Thread-12 :435230 [dir_watcher.py:_on_file_modified():292] file/dir modified: ./wandb/run-20220817_103523-5uu4nd3a/files/output.log
2022-08-17 10:42:21,931 INFO    Thread-12 :435230 [dir_watcher.py:_on_file_modified():292] file/dir modified: ./wandb/run-20220817_103523-5uu4nd3a/files/output.log
2022-08-17 10:42:23,932 INFO    Thread-12 :435230 [dir_watcher.py:_on_file_modified():292] file/dir modified: ./wandb/run-20220817_103523-5uu4nd3a/files/output.log
2022-08-17 10:42:25,936 INFO    Thread-12 :435230 [dir_watcher.py:_on_file_modified():292] file/dir modified: ./wandb/run-20220817_103523-5uu4nd3a/files/output.log
2022-08-17 10:42:27,933 INFO    Thread-12 :435230 [dir_watcher.py:_on_file_modified():292] file/dir modified: ./wandb/run-20220817_103523-5uu4nd3a/files/output.log
2022-08-17 10:42:31,936 INFO    Thread-12 :435230 [dir_watcher.py:_on_file_modified():292] file/dir modified: ./wandb/run-20220817_103523-5uu4nd3a/files/output.log
2022-08-17 10:42:33,937 INFO    Thread-12 :435230 [dir_watcher.py:_on_file_modified():292] file/dir modified: ./wandb/run-20220817_103523-5uu4nd3a/files/output.log
2022-08-17 10:42:33,994 DEBUG   HandlerThread:435230 [handler.py:handle_request():141] handle_request: stop_status
2022-08-17 10:42:33,995 DEBUG   SenderThread:435230 [sender.py:send_request():316] send_request: stop_status
2022-08-17 10:42:37,939 INFO    Thread-12 :435230 [dir_watcher.py:_on_file_modified():292] file/dir modified: ./wandb/run-20220817_103523-5uu4nd3a/files/output.log
2022-08-17 10:42:39,940 INFO    Thread-12 :435230 [dir_watcher.py:_on_file_modified():292] file/dir modified: ./wandb/run-20220817_103523-5uu4nd3a/files/output.log
2022-08-17 10:42:41,941 INFO    Thread-12 :435230 [dir_watcher.py:_on_file_modified():292] file/dir modified: ./wandb/run-20220817_103523-5uu4nd3a/files/output.log
2022-08-17 10:42:43,942 INFO    Thread-12 :435230 [dir_watcher.py:_on_file_modified():292] file/dir modified: ./wandb/run-20220817_103523-5uu4nd3a/files/output.log
2022-08-17 10:42:45,943 INFO    Thread-12 :435230 [dir_watcher.py:_on_file_modified():292] file/dir modified: ./wandb/run-20220817_103523-5uu4nd3a/files/output.log
2022-08-17 10:42:47,944 INFO    Thread-12 :435230 [dir_watcher.py:_on_file_modified():292] file/dir modified: ./wandb/run-20220817_103523-5uu4nd3a/files/output.log
2022-08-17 10:42:48,898 DEBUG   SenderThread:435230 [sender.py:send():302] send: stats
2022-08-17 10:42:49,234 DEBUG   HandlerThread:435230 [handler.py:handle_request():141] handle_request: stop_status
2022-08-17 10:42:49,235 DEBUG   SenderThread:435230 [sender.py:send_request():316] send_request: stop_status
2022-08-17 10:42:49,945 INFO    Thread-12 :435230 [dir_watcher.py:_on_file_modified():292] file/dir modified: ./wandb/run-20220817_103523-5uu4nd3a/files/output.log
2022-08-17 10:42:51,946 INFO    Thread-12 :435230 [dir_watcher.py:_on_file_modified():292] file/dir modified: ./wandb/run-20220817_103523-5uu4nd3a/files/output.log
2022-08-17 10:42:53,956 INFO    Thread-12 :435230 [dir_watcher.py:_on_file_modified():292] file/dir modified: ./wandb/run-20220817_103523-5uu4nd3a/files/output.log
2022-08-17 10:42:55,957 INFO    Thread-12 :435230 [dir_watcher.py:_on_file_modified():292] file/dir modified: ./wandb/run-20220817_103523-5uu4nd3a/files/output.log
2022-08-17 10:42:59,959 INFO    Thread-12 :435230 [dir_watcher.py:_on_file_modified():292] file/dir modified: ./wandb/run-20220817_103523-5uu4nd3a/files/output.log
2022-08-17 10:43:01,960 INFO    Thread-12 :435230 [dir_watcher.py:_on_file_modified():292] file/dir modified: ./wandb/run-20220817_103523-5uu4nd3a/files/output.log
2022-08-17 10:43:04,482 DEBUG   HandlerThread:435230 [handler.py:handle_request():141] handle_request: stop_status
2022-08-17 10:43:04,483 DEBUG   SenderThread:435230 [sender.py:send_request():316] send_request: stop_status
2022-08-17 10:43:05,963 INFO    Thread-12 :435230 [dir_watcher.py:_on_file_modified():292] file/dir modified: ./wandb/run-20220817_103523-5uu4nd3a/files/output.log
2022-08-17 10:43:07,964 INFO    Thread-12 :435230 [dir_watcher.py:_on_file_modified():292] file/dir modified: ./wandb/run-20220817_103523-5uu4nd3a/files/output.log
2022-08-17 10:43:09,964 INFO    Thread-12 :435230 [dir_watcher.py:_on_file_modified():292] file/dir modified: ./wandb/run-20220817_103523-5uu4nd3a/files/output.log
2022-08-17 10:43:13,967 INFO    Thread-12 :435230 [dir_watcher.py:_on_file_modified():292] file/dir modified: ./wandb/run-20220817_103523-5uu4nd3a/files/output.log
2022-08-17 10:43:17,968 INFO    Thread-12 :435230 [dir_watcher.py:_on_file_modified():292] file/dir modified: ./wandb/run-20220817_103523-5uu4nd3a/files/output.log
2022-08-17 10:43:19,727 DEBUG   HandlerThread:435230 [handler.py:handle_request():141] handle_request: stop_status
2022-08-17 10:43:19,728 DEBUG   SenderThread:435230 [sender.py:send_request():316] send_request: stop_status
2022-08-17 10:43:19,969 INFO    Thread-12 :435230 [dir_watcher.py:_on_file_modified():292] file/dir modified: ./wandb/run-20220817_103523-5uu4nd3a/files/output.log
2022-08-17 10:43:25,972 INFO    Thread-12 :435230 [dir_watcher.py:_on_file_modified():292] file/dir modified: ./wandb/run-20220817_103523-5uu4nd3a/files/output.log
2022-08-17 10:43:27,974 INFO    Thread-12 :435230 [dir_watcher.py:_on_file_modified():292] file/dir modified: ./wandb/run-20220817_103523-5uu4nd3a/files/output.log
2022-08-17 10:43:29,974 INFO    Thread-12 :435230 [dir_watcher.py:_on_file_modified():292] file/dir modified: ./wandb/run-20220817_103523-5uu4nd3a/files/output.log
2022-08-17 10:43:31,979 INFO    Thread-12 :435230 [dir_watcher.py:_on_file_modified():292] file/dir modified: ./wandb/run-20220817_103523-5uu4nd3a/files/output.log
2022-08-17 10:43:33,981 INFO    Thread-12 :435230 [dir_watcher.py:_on_file_modified():292] file/dir modified: ./wandb/run-20220817_103523-5uu4nd3a/files/output.log
2022-08-17 10:43:34,277 DEBUG   SenderThread:435230 [sender.py:send():302] send: stats
2022-08-17 10:43:35,985 INFO    Thread-12 :435230 [dir_watcher.py:_on_file_modified():292] file/dir modified: ./wandb/run-20220817_103523-5uu4nd3a/files/output.log
2022-08-17 10:43:37,986 INFO    Thread-12 :435230 [dir_watcher.py:_on_file_modified():292] file/dir modified: ./wandb/run-20220817_103523-5uu4nd3a/files/output.log
2022-08-17 10:43:39,721 DEBUG   HandlerThread:435230 [handler.py:handle_request():141] handle_request: stop_status
2022-08-17 10:43:39,722 DEBUG   SenderThread:435230 [sender.py:send_request():316] send_request: stop_status
2022-08-17 10:43:39,987 INFO    Thread-12 :435230 [dir_watcher.py:_on_file_modified():292] file/dir modified: ./wandb/run-20220817_103523-5uu4nd3a/files/output.log
2022-08-17 10:43:59,723 DEBUG   HandlerThread:435230 [handler.py:handle_request():141] handle_request: stop_status
2022-08-17 10:44:13,353 ERROR   SenderThread:435230 [retry.py:__call__():154] Retry attempt failed:
Traceback (most recent call last):
  File "/usr/lib/python3/dist-packages/urllib3/connectionpool.py", line 421, in _make_request
    six.raise_from(e, None)
  File "<string>", line 3, in raise_from
  File "/usr/lib/python3/dist-packages/urllib3/connectionpool.py", line 416, in _make_request
    httplib_response = conn.getresponse()
  File "/usr/lib/python3.8/http/client.py", line 1348, in getresponse
    response.begin()
  File "/usr/lib/python3.8/http/client.py", line 316, in begin
    version, status, reason = self._read_status()
  File "/usr/lib/python3.8/http/client.py", line 277, in _read_status
    line = str(self.fp.readline(_MAXLINE + 1), "iso-8859-1")
  File "/usr/lib/python3.8/socket.py", line 669, in readinto
    return self._sock.recv_into(b)
  File "/usr/lib/python3.8/ssl.py", line 1241, in recv_into
    return self.read(nbytes, buffer)
  File "/usr/lib/python3.8/ssl.py", line 1099, in read
    return self._sslobj.read(len, buffer)
socket.timeout: The read operation timed out

During handling of the above exception, another exception occurred:

Traceback (most recent call last):
  File "/usr/local/lib/python3.8/dist-packages/requests/adapters.py", line 489, in send
    resp = conn.urlopen(
  File "/usr/lib/python3/dist-packages/urllib3/connectionpool.py", line 719, in urlopen
    retries = retries.increment(
  File "/usr/lib/python3/dist-packages/urllib3/util/retry.py", line 400, in increment
    raise six.reraise(type(error), error, _stacktrace)
  File "/usr/lib/python3/dist-packages/six.py", line 703, in reraise
    raise value
  File "/usr/lib/python3/dist-packages/urllib3/connectionpool.py", line 665, in urlopen
    httplib_response = self._make_request(
  File "/usr/lib/python3/dist-packages/urllib3/connectionpool.py", line 423, in _make_request
    self._raise_timeout(err=e, url=url, timeout_value=read_timeout)
  File "/usr/lib/python3/dist-packages/urllib3/connectionpool.py", line 330, in _raise_timeout
    raise ReadTimeoutError(
urllib3.exceptions.ReadTimeoutError: HTTPSConnectionPool(host='api.wandb.ai', port=443): Read timed out. (read timeout=10)

During handling of the above exception, another exception occurred:

Traceback (most recent call last):
  File "/usr/local/lib/python3.8/dist-packages/wandb/sdk/lib/retry.py", line 113, in __call__
    result = self._call_fn(*args, **kwargs)
  File "/usr/local/lib/python3.8/dist-packages/wandb/sdk/internal/internal_api.py", line 204, in execute
    return self.client.execute(*args, **kwargs)  # type: ignore
  File "/usr/local/lib/python3.8/dist-packages/wandb/vendor/gql-0.2.0/wandb_gql/client.py", line 52, in execute
    result = self._get_result(document, *args, **kwargs)
  File "/usr/local/lib/python3.8/dist-packages/wandb/vendor/gql-0.2.0/wandb_gql/client.py", line 60, in _get_result
    return self.transport.execute(document, *args, **kwargs)
  File "/usr/local/lib/python3.8/dist-packages/wandb/vendor/gql-0.2.0/wandb_gql/transport/requests.py", line 38, in execute
    request = requests.post(self.url, **post_args)
  File "/usr/local/lib/python3.8/dist-packages/requests/api.py", line 115, in post
    return request("post", url, data=data, json=json, **kwargs)
  File "/usr/local/lib/python3.8/dist-packages/requests/api.py", line 59, in request
    return session.request(method=method, url=url, **kwargs)
  File "/usr/local/lib/python3.8/dist-packages/requests/sessions.py", line 587, in request
    resp = self.send(prep, **send_kwargs)
  File "/usr/local/lib/python3.8/dist-packages/requests/sessions.py", line 701, in send
    r = adapter.send(request, **kwargs)
  File "/usr/local/lib/python3.8/dist-packages/requests/adapters.py", line 578, in send
    raise ReadTimeout(e, request=request)
requests.exceptions.ReadTimeout: HTTPSConnectionPool(host='api.wandb.ai', port=443): Read timed out. (read timeout=10)
2022-08-17 10:44:19,724 DEBUG   HandlerThread:435230 [handler.py:handle_request():141] handle_request: stop_status
2022-08-17 10:44:39,083 DEBUG   SenderThread:435230 [sender.py:send_request():316] send_request: stop_status
2022-08-17 10:44:39,459 DEBUG   SenderThread:435230 [sender.py:send():302] send: stats
2022-08-17 10:44:39,461 DEBUG   SenderThread:435230 [sender.py:send_request():316] send_request: stop_status
2022-08-17 10:44:39,724 DEBUG   HandlerThread:435230 [handler.py:handle_request():141] handle_request: stop_status
2022-08-17 10:44:40,052 INFO    Thread-12 :435230 [dir_watcher.py:_on_file_modified():292] file/dir modified: ./wandb/run-20220817_103523-5uu4nd3a/files/output.log
2022-08-17 10:44:41,146 DEBUG   SenderThread:435230 [sender.py:send_request():316] send_request: stop_status
2022-08-17 10:44:42,056 INFO    Thread-12 :435230 [dir_watcher.py:_on_file_modified():292] file/dir modified: ./wandb/run-20220817_103523-5uu4nd3a/files/output.log
2022-08-17 10:44:44,059 INFO    Thread-12 :435230 [dir_watcher.py:_on_file_modified():292] file/dir modified: ./wandb/run-20220817_103523-5uu4nd3a/files/output.log
2022-08-17 10:44:46,060 INFO    Thread-12 :435230 [dir_watcher.py:_on_file_modified():292] file/dir modified: ./wandb/run-20220817_103523-5uu4nd3a/files/output.log
2022-08-17 10:44:48,061 INFO    Thread-12 :435230 [dir_watcher.py:_on_file_modified():292] file/dir modified: ./wandb/run-20220817_103523-5uu4nd3a/files/output.log
2022-08-17 10:44:50,062 INFO    Thread-12 :435230 [dir_watcher.py:_on_file_modified():292] file/dir modified: ./wandb/run-20220817_103523-5uu4nd3a/files/output.log
2022-08-17 10:44:52,071 INFO    Thread-12 :435230 [dir_watcher.py:_on_file_modified():292] file/dir modified: ./wandb/run-20220817_103523-5uu4nd3a/files/output.log
2022-08-17 10:44:54,071 INFO    Thread-12 :435230 [dir_watcher.py:_on_file_modified():292] file/dir modified: ./wandb/run-20220817_103523-5uu4nd3a/files/output.log
2022-08-17 10:44:56,073 INFO    Thread-12 :435230 [dir_watcher.py:_on_file_modified():292] file/dir modified: ./wandb/run-20220817_103523-5uu4nd3a/files/output.log
2022-08-17 10:44:57,623 DEBUG   HandlerThread:435230 [handler.py:handle_request():141] handle_request: stop_status
2022-08-17 10:44:57,624 DEBUG   SenderThread:435230 [sender.py:send_request():316] send_request: stop_status
2022-08-17 10:44:58,074 INFO    Thread-12 :435230 [dir_watcher.py:_on_file_modified():292] file/dir modified: ./wandb/run-20220817_103523-5uu4nd3a/files/output.log
2022-08-17 10:44:58,359 DEBUG   SenderThread:435230 [sender.py:send():302] send: stats
2022-08-17 10:45:00,083 INFO    Thread-12 :435230 [dir_watcher.py:_on_file_modified():292] file/dir modified: ./wandb/run-20220817_103523-5uu4nd3a/files/output.log
2022-08-17 10:45:02,084 INFO    Thread-12 :435230 [dir_watcher.py:_on_file_modified():292] file/dir modified: ./wandb/run-20220817_103523-5uu4nd3a/files/output.log
2022-08-17 10:45:04,085 INFO    Thread-12 :435230 [dir_watcher.py:_on_file_modified():292] file/dir modified: ./wandb/run-20220817_103523-5uu4nd3a/files/output.log
2022-08-17 10:45:06,086 INFO    Thread-12 :435230 [dir_watcher.py:_on_file_modified():292] file/dir modified: ./wandb/run-20220817_103523-5uu4nd3a/files/output.log
2022-08-17 10:45:08,086 INFO    Thread-12 :435230 [dir_watcher.py:_on_file_modified():292] file/dir modified: ./wandb/run-20220817_103523-5uu4nd3a/files/output.log
2022-08-17 10:45:10,087 INFO    Thread-12 :435230 [dir_watcher.py:_on_file_modified():292] file/dir modified: ./wandb/run-20220817_103523-5uu4nd3a/files/output.log
2022-08-17 10:45:12,088 INFO    Thread-12 :435230 [dir_watcher.py:_on_file_modified():292] file/dir modified: ./wandb/run-20220817_103523-5uu4nd3a/files/output.log
2022-08-17 10:45:12,902 DEBUG   HandlerThread:435230 [handler.py:handle_request():141] handle_request: stop_status
2022-08-17 10:45:12,903 DEBUG   SenderThread:435230 [sender.py:send_request():316] send_request: stop_status
2022-08-17 10:45:14,094 INFO    Thread-12 :435230 [dir_watcher.py:_on_file_modified():292] file/dir modified: ./wandb/run-20220817_103523-5uu4nd3a/files/output.log
2022-08-17 10:45:18,096 INFO    Thread-12 :435230 [dir_watcher.py:_on_file_modified():292] file/dir modified: ./wandb/run-20220817_103523-5uu4nd3a/files/output.log
2022-08-17 10:45:20,101 INFO    Thread-12 :435230 [dir_watcher.py:_on_file_modified():292] file/dir modified: ./wandb/run-20220817_103523-5uu4nd3a/files/output.log
2022-08-17 10:45:22,098 INFO    Thread-12 :435230 [dir_watcher.py:_on_file_modified():292] file/dir modified: ./wandb/run-20220817_103523-5uu4nd3a/files/output.log
2022-08-17 10:45:26,100 INFO    Thread-12 :435230 [dir_watcher.py:_on_file_modified():292] file/dir modified: ./wandb/run-20220817_103523-5uu4nd3a/files/output.log
2022-08-17 10:45:28,115 INFO    Thread-12 :435230 [dir_watcher.py:_on_file_modified():292] file/dir modified: ./wandb/run-20220817_103523-5uu4nd3a/files/output.log
2022-08-17 10:45:30,122 INFO    Thread-12 :435230 [dir_watcher.py:_on_file_modified():292] file/dir modified: ./wandb/run-20220817_103523-5uu4nd3a/files/output.log
2022-08-17 10:45:30,541 DEBUG   HandlerThread:435230 [handler.py:handle_request():141] handle_request: stop_status
2022-08-17 10:45:30,541 DEBUG   SenderThread:435230 [sender.py:send_request():316] send_request: stop_status
2022-08-17 10:45:32,123 INFO    Thread-12 :435230 [dir_watcher.py:_on_file_modified():292] file/dir modified: ./wandb/run-20220817_103523-5uu4nd3a/files/output.log
2022-08-17 10:45:34,125 INFO    Thread-12 :435230 [dir_watcher.py:_on_file_modified():292] file/dir modified: ./wandb/run-20220817_103523-5uu4nd3a/files/output.log
2022-08-17 10:45:38,126 INFO    Thread-12 :435230 [dir_watcher.py:_on_file_modified():292] file/dir modified: ./wandb/run-20220817_103523-5uu4nd3a/files/output.log
2022-08-17 10:45:40,127 INFO    Thread-12 :435230 [dir_watcher.py:_on_file_modified():292] file/dir modified: ./wandb/run-20220817_103523-5uu4nd3a/files/output.log
2022-08-17 10:45:42,128 INFO    Thread-12 :435230 [dir_watcher.py:_on_file_modified():292] file/dir modified: ./wandb/run-20220817_103523-5uu4nd3a/files/output.log
2022-08-17 10:45:43,525 DEBUG   SenderThread:435230 [sender.py:send():302] send: stats
2022-08-17 10:45:44,135 INFO    Thread-12 :435230 [dir_watcher.py:_on_file_modified():292] file/dir modified: ./wandb/run-20220817_103523-5uu4nd3a/files/output.log
2022-08-17 10:45:45,879 DEBUG   HandlerThread:435230 [handler.py:handle_request():141] handle_request: stop_status
2022-08-17 10:45:45,879 DEBUG   SenderThread:435230 [sender.py:send_request():316] send_request: stop_status
2022-08-17 10:45:46,136 INFO    Thread-12 :435230 [dir_watcher.py:_on_file_modified():292] file/dir modified: ./wandb/run-20220817_103523-5uu4nd3a/files/output.log
2022-08-17 10:45:48,142 INFO    Thread-12 :435230 [dir_watcher.py:_on_file_modified():292] file/dir modified: ./wandb/run-20220817_103523-5uu4nd3a/files/output.log
2022-08-17 10:45:50,138 INFO    Thread-12 :435230 [dir_watcher.py:_on_file_modified():292] file/dir modified: ./wandb/run-20220817_103523-5uu4nd3a/files/output.log
2022-08-17 10:45:52,139 INFO    Thread-12 :435230 [dir_watcher.py:_on_file_modified():292] file/dir modified: ./wandb/run-20220817_103523-5uu4nd3a/files/output.log
2022-08-17 10:45:54,140 INFO    Thread-12 :435230 [dir_watcher.py:_on_file_modified():292] file/dir modified: ./wandb/run-20220817_103523-5uu4nd3a/files/output.log
2022-08-17 10:45:56,094 DEBUG   HandlerThread:435230 [handler.py:handle_request():141] handle_request: partial_history
2022-08-17 10:45:56,094 DEBUG   SenderThread:435230 [sender.py:send():302] send: files
2022-08-17 10:45:56,097 INFO    SenderThread:435230 [sender.py:_save_file():1156] saving file media/images/test/conf_matrix_0_2afe6963d854f8c9b299.png with policy now
2022-08-17 10:45:56,097 DEBUG   SenderThread:435230 [sender.py:send():302] send: metric
2022-08-17 10:45:56,098 DEBUG   SenderThread:435230 [sender.py:send():302] send: metric
2022-08-17 10:45:56,098 DEBUG   SenderThread:435230 [sender.py:send():302] send: metric
2022-08-17 10:45:56,098 DEBUG   SenderThread:435230 [sender.py:send():302] send: metric
2022-08-17 10:45:56,098 DEBUG   SenderThread:435230 [sender.py:send():302] send: metric
2022-08-17 10:45:56,098 DEBUG   SenderThread:435230 [sender.py:send():302] send: metric
2022-08-17 10:45:56,098 DEBUG   SenderThread:435230 [sender.py:send():302] send: metric
2022-08-17 10:45:56,098 DEBUG   SenderThread:435230 [sender.py:send():302] send: history
2022-08-17 10:45:56,098 DEBUG   SenderThread:435230 [sender.py:send():302] send: summary
2022-08-17 10:45:56,099 INFO    SenderThread:435230 [sender.py:_save_file():1156] saving file wandb-summary.json with policy end
2022-08-17 10:45:56,109 DEBUG   HandlerThread:435230 [handler.py:handle_request():141] handle_request: partial_history
2022-08-17 10:45:56,111 DEBUG   SenderThread:435230 [sender.py:send():302] send: metric
2022-08-17 10:45:56,111 DEBUG   SenderThread:435230 [sender.py:send():302] send: metric
2022-08-17 10:45:56,111 DEBUG   SenderThread:435230 [sender.py:send():302] send: metric
2022-08-17 10:45:56,112 DEBUG   SenderThread:435230 [sender.py:send():302] send: metric
2022-08-17 10:45:56,112 DEBUG   SenderThread:435230 [sender.py:send():302] send: metric
2022-08-17 10:45:56,112 DEBUG   SenderThread:435230 [sender.py:send():302] send: metric
2022-08-17 10:45:56,112 DEBUG   SenderThread:435230 [sender.py:send():302] send: metric
2022-08-17 10:45:56,112 DEBUG   SenderThread:435230 [sender.py:send():302] send: metric
2022-08-17 10:45:56,112 DEBUG   SenderThread:435230 [sender.py:send():302] send: history
2022-08-17 10:45:56,112 DEBUG   SenderThread:435230 [sender.py:send():302] send: summary
2022-08-17 10:45:56,113 INFO    SenderThread:435230 [sender.py:_save_file():1156] saving file wandb-summary.json with policy end
2022-08-17 10:45:56,141 INFO    Thread-12 :435230 [dir_watcher.py:_on_file_modified():292] file/dir modified: ./wandb/run-20220817_103523-5uu4nd3a/files/output.log
2022-08-17 10:45:56,141 INFO    Thread-12 :435230 [dir_watcher.py:_on_file_modified():292] file/dir modified: ./wandb/run-20220817_103523-5uu4nd3a/files/wandb-summary.json
2022-08-17 10:45:56,141 INFO    Thread-12 :435230 [dir_watcher.py:_on_file_created():275] file/dir created: ./wandb/run-20220817_103523-5uu4nd3a/files/media/images/test/conf_matrix_0_2afe6963d854f8c9b299.png
2022-08-17 10:45:56,142 INFO    Thread-12 :435230 [dir_watcher.py:_on_file_created():275] file/dir created: ./wandb/run-20220817_103523-5uu4nd3a/files/media
2022-08-17 10:45:56,142 INFO    Thread-12 :435230 [dir_watcher.py:_on_file_created():275] file/dir created: ./wandb/run-20220817_103523-5uu4nd3a/files/media/images
2022-08-17 10:45:56,142 INFO    Thread-12 :435230 [dir_watcher.py:_on_file_created():275] file/dir created: ./wandb/run-20220817_103523-5uu4nd3a/files/media/images/test
2022-08-17 10:45:56,850 INFO    Thread-17 :435230 [upload_job.py:push():138] Uploaded file /tmp/tmpi17zofx2wandb/unpi3mxz-media/images/test/conf_matrix_0_2afe6963d854f8c9b299.png
2022-08-17 10:45:57,338 DEBUG   SenderThread:435230 [sender.py:send():302] send: telemetry
2022-08-17 10:45:57,339 DEBUG   HandlerThread:435230 [handler.py:handle_request():141] handle_request: poll_exit
2022-08-17 10:45:57,339 DEBUG   SenderThread:435230 [sender.py:send():302] send: exit
2022-08-17 10:45:57,340 INFO    SenderThread:435230 [sender.py:send_exit():438] handling exit code: 0
2022-08-17 10:45:57,340 INFO    SenderThread:435230 [sender.py:send_exit():440] handling runtime: 617
2022-08-17 10:45:57,341 INFO    SenderThread:435230 [sender.py:_save_file():1156] saving file wandb-summary.json with policy end
2022-08-17 10:45:57,341 INFO    SenderThread:435230 [sender.py:send_exit():446] send defer
2022-08-17 10:45:57,342 DEBUG   SenderThread:435230 [sender.py:send_request():316] send_request: poll_exit
2022-08-17 10:45:57,343 DEBUG   HandlerThread:435230 [handler.py:handle_request():141] handle_request: defer
2022-08-17 10:45:57,343 INFO    HandlerThread:435230 [handler.py:handle_request_defer():164] handle defer: 0
2022-08-17 10:45:57,344 DEBUG   SenderThread:435230 [sender.py:send_request():316] send_request: defer
2022-08-17 10:45:57,344 INFO    SenderThread:435230 [sender.py:send_request_defer():455] handle sender defer: 0
2022-08-17 10:45:57,344 INFO    SenderThread:435230 [sender.py:transition_state():459] send defer: 1
2022-08-17 10:45:57,345 DEBUG   HandlerThread:435230 [handler.py:handle_request():141] handle_request: defer
2022-08-17 10:45:57,345 INFO    HandlerThread:435230 [handler.py:handle_request_defer():164] handle defer: 1
2022-08-17 10:45:57,639 INFO    Thread-18 :435230 [upload_job.py:push():138] Uploaded file /tmp/tmpi17zofx2wandb/4iu11ix7-media/images/test/conf_matrix_0_2afe6963d854f8c9b299.png
2022-08-17 10:45:58,142 INFO    Thread-12 :435230 [dir_watcher.py:_on_file_modified():292] file/dir modified: ./wandb/run-20220817_103523-5uu4nd3a/files/output.log
2022-08-17 10:45:58,142 INFO    Thread-12 :435230 [dir_watcher.py:_on_file_modified():292] file/dir modified: ./wandb/run-20220817_103523-5uu4nd3a/files/wandb-summary.json
2022-08-17 10:45:58,515 DEBUG   HandlerThread:435230 [handler.py:handle_request():141] handle_request: poll_exit
2022-08-17 10:45:58,517 DEBUG   SenderThread:435230 [sender.py:send_request():316] send_request: defer
2022-08-17 10:45:58,517 INFO    SenderThread:435230 [sender.py:send_request_defer():455] handle sender defer: 1
2022-08-17 10:45:58,517 INFO    SenderThread:435230 [sender.py:transition_state():459] send defer: 2
2022-08-17 10:45:58,517 DEBUG   SenderThread:435230 [sender.py:send_request():316] send_request: poll_exit
2022-08-17 10:45:58,517 DEBUG   SenderThread:435230 [sender.py:send():302] send: stats
2022-08-17 10:45:58,519 DEBUG   HandlerThread:435230 [handler.py:handle_request():141] handle_request: defer
2022-08-17 10:45:58,519 INFO    HandlerThread:435230 [handler.py:handle_request_defer():164] handle defer: 2
2022-08-17 10:45:58,519 DEBUG   SenderThread:435230 [sender.py:send_request():316] send_request: defer
2022-08-17 10:45:58,519 INFO    SenderThread:435230 [sender.py:send_request_defer():455] handle sender defer: 2
2022-08-17 10:45:58,519 INFO    SenderThread:435230 [sender.py:transition_state():459] send defer: 3
2022-08-17 10:45:58,520 DEBUG   HandlerThread:435230 [handler.py:handle_request():141] handle_request: defer
2022-08-17 10:45:58,520 INFO    HandlerThread:435230 [handler.py:handle_request_defer():164] handle defer: 3
2022-08-17 10:45:58,520 DEBUG   SenderThread:435230 [sender.py:send_request():316] send_request: defer
2022-08-17 10:45:58,520 INFO    SenderThread:435230 [sender.py:send_request_defer():455] handle sender defer: 3
2022-08-17 10:45:58,520 INFO    SenderThread:435230 [sender.py:transition_state():459] send defer: 4
2022-08-17 10:45:58,521 DEBUG   HandlerThread:435230 [handler.py:handle_request():141] handle_request: defer
2022-08-17 10:45:58,521 INFO    HandlerThread:435230 [handler.py:handle_request_defer():164] handle defer: 4
2022-08-17 10:45:58,521 DEBUG   SenderThread:435230 [sender.py:send():302] send: summary
2022-08-17 10:45:58,522 INFO    SenderThread:435230 [sender.py:_save_file():1156] saving file wandb-summary.json with policy end
2022-08-17 10:45:58,522 DEBUG   SenderThread:435230 [sender.py:send_request():316] send_request: defer
2022-08-17 10:45:58,522 INFO    SenderThread:435230 [sender.py:send_request_defer():455] handle sender defer: 4
2022-08-17 10:45:58,522 INFO    SenderThread:435230 [sender.py:transition_state():459] send defer: 5
2022-08-17 10:45:58,522 DEBUG   HandlerThread:435230 [handler.py:handle_request():141] handle_request: defer
2022-08-17 10:45:58,522 INFO    HandlerThread:435230 [handler.py:handle_request_defer():164] handle defer: 5
2022-08-17 10:45:58,523 DEBUG   SenderThread:435230 [sender.py:send_request():316] send_request: defer
2022-08-17 10:45:58,523 INFO    SenderThread:435230 [sender.py:send_request_defer():455] handle sender defer: 5
2022-08-17 10:45:58,621 DEBUG   HandlerThread:435230 [handler.py:handle_request():141] handle_request: poll_exit
2022-08-17 10:45:58,848 INFO    SenderThread:435230 [sender.py:transition_state():459] send defer: 6
2022-08-17 10:45:58,848 DEBUG   SenderThread:435230 [sender.py:send_request():316] send_request: poll_exit
2022-08-17 10:45:58,849 DEBUG   HandlerThread:435230 [handler.py:handle_request():141] handle_request: defer
2022-08-17 10:45:58,849 INFO    HandlerThread:435230 [handler.py:handle_request_defer():164] handle defer: 6
2022-08-17 10:45:58,850 DEBUG   SenderThread:435230 [sender.py:send_request():316] send_request: defer
2022-08-17 10:45:58,850 INFO    SenderThread:435230 [sender.py:send_request_defer():455] handle sender defer: 6
2022-08-17 10:45:58,952 DEBUG   HandlerThread:435230 [handler.py:handle_request():141] handle_request: poll_exit
2022-08-17 10:45:59,143 INFO    Thread-12 :435230 [dir_watcher.py:_on_file_modified():292] file/dir modified: ./wandb/run-20220817_103523-5uu4nd3a/files/config.yaml
2022-08-17 10:45:59,143 INFO    Thread-12 :435230 [dir_watcher.py:_on_file_modified():292] file/dir modified: ./wandb/run-20220817_103523-5uu4nd3a/files/wandb-summary.json
2022-08-17 10:45:59,915 INFO    SenderThread:435230 [sender.py:transition_state():459] send defer: 7
2022-08-17 10:45:59,915 DEBUG   SenderThread:435230 [sender.py:send_request():316] send_request: poll_exit
2022-08-17 10:45:59,916 DEBUG   HandlerThread:435230 [handler.py:handle_request():141] handle_request: defer
2022-08-17 10:45:59,916 INFO    HandlerThread:435230 [handler.py:handle_request_defer():164] handle defer: 7
2022-08-17 10:45:59,917 DEBUG   SenderThread:435230 [sender.py:send_request():316] send_request: defer
2022-08-17 10:45:59,917 INFO    SenderThread:435230 [sender.py:send_request_defer():455] handle sender defer: 7
2022-08-17 10:45:59,917 INFO    SenderThread:435230 [dir_watcher.py:finish():362] shutting down directory watcher
2022-08-17 10:46:00,018 DEBUG   HandlerThread:435230 [handler.py:handle_request():141] handle_request: poll_exit
2022-08-17 10:46:00,143 INFO    Thread-12 :435230 [dir_watcher.py:_on_file_modified():292] file/dir modified: ./wandb/run-20220817_103523-5uu4nd3a/files/output.log
2022-08-17 10:46:00,144 INFO    SenderThread:435230 [dir_watcher.py:finish():392] scan: ./wandb/run-20220817_103523-5uu4nd3a/files
2022-08-17 10:46:00,144 INFO    SenderThread:435230 [dir_watcher.py:finish():406] scan save: ./wandb/run-20220817_103523-5uu4nd3a/files/wandb-metadata.json wandb-metadata.json
2022-08-17 10:46:00,144 INFO    SenderThread:435230 [dir_watcher.py:finish():406] scan save: ./wandb/run-20220817_103523-5uu4nd3a/files/output.log output.log
2022-08-17 10:46:00,144 INFO    SenderThread:435230 [dir_watcher.py:finish():406] scan save: ./wandb/run-20220817_103523-5uu4nd3a/files/requirements.txt requirements.txt
2022-08-17 10:46:00,145 INFO    SenderThread:435230 [dir_watcher.py:finish():406] scan save: ./wandb/run-20220817_103523-5uu4nd3a/files/config.yaml config.yaml
2022-08-17 10:46:00,145 INFO    SenderThread:435230 [dir_watcher.py:finish():406] scan save: ./wandb/run-20220817_103523-5uu4nd3a/files/wandb-summary.json wandb-summary.json
2022-08-17 10:46:00,146 INFO    SenderThread:435230 [dir_watcher.py:finish():406] scan save: ./wandb/run-20220817_103523-5uu4nd3a/files/media/images/test/conf_matrix_0_2afe6963d854f8c9b299.png media/images/test/conf_matrix_0_2afe6963d854f8c9b299.png
2022-08-17 10:46:00,146 INFO    SenderThread:435230 [sender.py:transition_state():459] send defer: 8
2022-08-17 10:46:00,146 DEBUG   SenderThread:435230 [sender.py:send_request():316] send_request: poll_exit
2022-08-17 10:46:00,146 DEBUG   HandlerThread:435230 [handler.py:handle_request():141] handle_request: defer
2022-08-17 10:46:00,147 INFO    HandlerThread:435230 [handler.py:handle_request_defer():164] handle defer: 8
2022-08-17 10:46:00,147 DEBUG   SenderThread:435230 [sender.py:send_request():316] send_request: defer
2022-08-17 10:46:00,147 INFO    SenderThread:435230 [sender.py:send_request_defer():455] handle sender defer: 8
2022-08-17 10:46:00,147 INFO    SenderThread:435230 [file_pusher.py:finish():171] shutting down file pusher
2022-08-17 10:46:00,252 DEBUG   HandlerThread:435230 [handler.py:handle_request():141] handle_request: poll_exit
2022-08-17 10:46:00,252 DEBUG   SenderThread:435230 [sender.py:send_request():316] send_request: poll_exit
2022-08-17 10:46:00,354 DEBUG   HandlerThread:435230 [handler.py:handle_request():141] handle_request: poll_exit
2022-08-17 10:46:00,355 DEBUG   SenderThread:435230 [sender.py:send_request():316] send_request: poll_exit
2022-08-17 10:46:00,456 DEBUG   HandlerThread:435230 [handler.py:handle_request():141] handle_request: poll_exit
2022-08-17 10:46:00,456 DEBUG   SenderThread:435230 [sender.py:send_request():316] send_request: poll_exit
2022-08-17 10:46:00,558 DEBUG   HandlerThread:435230 [handler.py:handle_request():141] handle_request: poll_exit
2022-08-17 10:46:00,558 DEBUG   SenderThread:435230 [sender.py:send_request():316] send_request: poll_exit
2022-08-17 10:46:00,665 DEBUG   HandlerThread:435230 [handler.py:handle_request():141] handle_request: poll_exit
2022-08-17 10:46:00,665 DEBUG   SenderThread:435230 [sender.py:send_request():316] send_request: poll_exit
2022-08-17 10:46:00,767 DEBUG   HandlerThread:435230 [handler.py:handle_request():141] handle_request: poll_exit
2022-08-17 10:46:00,768 DEBUG   SenderThread:435230 [sender.py:send_request():316] send_request: poll_exit
2022-08-17 10:46:00,843 INFO    Thread-19 :435230 [upload_job.py:push():138] Uploaded file ./wandb/run-20220817_103523-5uu4nd3a/files/output.log
2022-08-17 10:46:00,869 DEBUG   HandlerThread:435230 [handler.py:handle_request():141] handle_request: poll_exit
2022-08-17 10:46:00,874 DEBUG   SenderThread:435230 [sender.py:send_request():316] send_request: poll_exit
2022-08-17 10:46:00,880 INFO    Thread-21 :435230 [upload_job.py:push():138] Uploaded file ./wandb/run-20220817_103523-5uu4nd3a/files/config.yaml
2022-08-17 10:46:00,919 INFO    Thread-20 :435230 [upload_job.py:push():138] Uploaded file ./wandb/run-20220817_103523-5uu4nd3a/files/requirements.txt
2022-08-17 10:46:00,931 INFO    Thread-22 :435230 [upload_job.py:push():138] Uploaded file ./wandb/run-20220817_103523-5uu4nd3a/files/wandb-summary.json
2022-08-17 10:46:00,976 DEBUG   HandlerThread:435230 [handler.py:handle_request():141] handle_request: poll_exit
2022-08-17 10:46:00,976 DEBUG   SenderThread:435230 [sender.py:send_request():316] send_request: poll_exit
2022-08-17 10:46:01,077 DEBUG   HandlerThread:435230 [handler.py:handle_request():141] handle_request: poll_exit
2022-08-17 10:46:01,077 DEBUG   SenderThread:435230 [sender.py:send_request():316] send_request: poll_exit
2022-08-17 10:46:01,131 INFO    Thread-11 :435230 [sender.py:transition_state():459] send defer: 9
2022-08-17 10:46:01,132 DEBUG   HandlerThread:435230 [handler.py:handle_request():141] handle_request: defer
2022-08-17 10:46:01,132 INFO    HandlerThread:435230 [handler.py:handle_request_defer():164] handle defer: 9
2022-08-17 10:46:01,132 DEBUG   SenderThread:435230 [sender.py:send_request():316] send_request: defer
2022-08-17 10:46:01,132 INFO    SenderThread:435230 [sender.py:send_request_defer():455] handle sender defer: 9
2022-08-17 10:46:01,178 DEBUG   HandlerThread:435230 [handler.py:handle_request():141] handle_request: poll_exit
2022-08-17 10:46:01,983 INFO    SenderThread:435230 [sender.py:transition_state():459] send defer: 10
2022-08-17 10:46:01,983 DEBUG   SenderThread:435230 [sender.py:send_request():316] send_request: poll_exit
2022-08-17 10:46:01,984 DEBUG   HandlerThread:435230 [handler.py:handle_request():141] handle_request: defer
2022-08-17 10:46:01,984 INFO    HandlerThread:435230 [handler.py:handle_request_defer():164] handle defer: 10
2022-08-17 10:46:01,985 DEBUG   SenderThread:435230 [sender.py:send_request():316] send_request: defer
2022-08-17 10:46:01,985 INFO    SenderThread:435230 [sender.py:send_request_defer():455] handle sender defer: 10
2022-08-17 10:46:01,985 INFO    SenderThread:435230 [sender.py:transition_state():459] send defer: 11
2022-08-17 10:46:01,986 DEBUG   SenderThread:435230 [sender.py:send():302] send: final
2022-08-17 10:46:01,987 DEBUG   HandlerThread:435230 [handler.py:handle_request():141] handle_request: defer
2022-08-17 10:46:01,987 INFO    HandlerThread:435230 [handler.py:handle_request_defer():164] handle defer: 11
2022-08-17 10:46:01,987 DEBUG   SenderThread:435230 [sender.py:send():302] send: footer
2022-08-17 10:46:01,987 DEBUG   SenderThread:435230 [sender.py:send_request():316] send_request: defer
2022-08-17 10:46:01,987 INFO    SenderThread:435230 [sender.py:send_request_defer():455] handle sender defer: 11
2022-08-17 10:46:02,086 DEBUG   HandlerThread:435230 [handler.py:handle_request():141] handle_request: poll_exit
2022-08-17 10:46:02,086 DEBUG   SenderThread:435230 [sender.py:send_request():316] send_request: poll_exit
2022-08-17 10:46:02,086 INFO    SenderThread:435230 [file_pusher.py:join():176] waiting for file pusher
2022-08-17 10:46:02,639 DEBUG   HandlerThread:435230 [handler.py:handle_request():141] handle_request: sampled_history
2022-08-17 10:46:02,642 DEBUG   HandlerThread:435230 [handler.py:handle_request():141] handle_request: get_summary
2022-08-17 10:46:02,643 DEBUG   HandlerThread:435230 [handler.py:handle_request():141] handle_request: shutdown
2022-08-17 10:46:02,643 INFO    HandlerThread:435230 [handler.py:finish():810] shutting down handler
2022-08-17 10:46:02,987 INFO    WriterThread:435230 [datastore.py:close():279] close: ./wandb/run-20220817_103523-5uu4nd3a/run-5uu4nd3a.wandb
2022-08-17 10:46:03,537 INFO    SenderThread:435230 [sender.py:finish():1312] shutting down sender
2022-08-17 10:46:03,537 INFO    SenderThread:435230 [file_pusher.py:finish():171] shutting down file pusher
2022-08-17 10:46:03,537 INFO    SenderThread:435230 [file_pusher.py:join():176] waiting for file pusher
2022-08-17 10:46:04,649 INFO    MainThread:435230 [internal.py:handle_exit():80] Internal process exited
